{"/Users/codeclouds-sudipta/R&D/NodeJs/express1/app.js": {"path":"/Users/codeclouds-sudipta/R&D/NodeJs/express1/app.js","statementMap":{"0":{"start":{"line":1,"column":13},"end":{"line":1,"column":28}},"1":{"start":{"line":2,"column":16},"end":{"line":2,"column":34}},"2":{"start":{"line":3,"column":15},"end":{"line":3,"column":32}},"3":{"start":{"line":4,"column":18},"end":{"line":4,"column":47}},"4":{"start":{"line":5,"column":15},"end":{"line":5,"column":32}},"5":{"start":{"line":6,"column":22},"end":{"line":6,"column":55}},"6":{"start":{"line":7,"column":12},"end":{"line":7,"column":32}},"7":{"start":{"line":8,"column":12},"end":{"line":8,"column":26}},"8":{"start":{"line":9,"column":21},"end":{"line":9,"column":45}},"9":{"start":{"line":11,"column":17},"end":{"line":11,"column":44}},"10":{"start":{"line":12,"column":27},"end":{"line":12,"column":67}},"11":{"start":{"line":13,"column":19},"end":{"line":13,"column":49}},"12":{"start":{"line":14,"column":19},"end":{"line":14,"column":49}},"13":{"start":{"line":15,"column":21},"end":{"line":15,"column":53}},"14":{"start":{"line":16,"column":19},"end":{"line":16,"column":49}},"15":{"start":{"line":18,"column":12},"end":{"line":18,"column":21}},"16":{"start":{"line":21,"column":0},"end":{"line":21,"column":30}},"17":{"start":{"line":25,"column":0},"end":{"line":25,"column":48}},"18":{"start":{"line":29,"column":0},"end":{"line":29,"column":56}},"19":{"start":{"line":34,"column":0},"end":{"line":34,"column":18}},"20":{"start":{"line":37,"column":0},"end":{"line":39,"column":1}},"21":{"start":{"line":38,"column":2},"end":{"line":38,"column":25}},"22":{"start":{"line":41,"column":16},"end":{"line":45,"column":2}},"23":{"start":{"line":46,"column":0},"end":{"line":46,"column":25}},"24":{"start":{"line":49,"column":0},"end":{"line":53,"column":2}},"25":{"start":{"line":55,"column":0},"end":{"line":55,"column":24}},"26":{"start":{"line":58,"column":0},"end":{"line":58,"column":25}},"27":{"start":{"line":61,"column":0},"end":{"line":61,"column":15}},"28":{"start":{"line":64,"column":0},"end":{"line":75,"column":2}},"29":{"start":{"line":85,"column":0},"end":{"line":89,"column":3}},"30":{"start":{"line":86,"column":2},"end":{"line":86,"column":45}},"31":{"start":{"line":88,"column":2},"end":{"line":88,"column":9}},"32":{"start":{"line":102,"column":0},"end":{"line":102,"column":25}},"33":{"start":{"line":104,"column":0},"end":{"line":104,"column":37}},"34":{"start":{"line":105,"column":0},"end":{"line":105,"column":37}},"35":{"start":{"line":106,"column":0},"end":{"line":106,"column":41}},"36":{"start":{"line":109,"column":0},"end":{"line":120,"column":3}},"37":{"start":{"line":119,"column":2},"end":{"line":119,"column":75}},"38":{"start":{"line":124,"column":0},"end":{"line":124,"column":28}},"39":{"start":{"line":127,"column":0},"end":{"line":127,"column":21}}},"fnMap":{"0":{"name":"(anonymous_0)","decl":{"start":{"line":85,"column":8},"end":{"line":85,"column":9}},"loc":{"start":{"line":85,"column":28},"end":{"line":89,"column":1}},"line":85},"1":{"name":"(anonymous_1)","decl":{"start":{"line":109,"column":13},"end":{"line":109,"column":14}},"loc":{"start":{"line":109,"column":33},"end":{"line":120,"column":1}},"line":109}},"branchMap":{"0":{"loc":{"start":{"line":37,"column":0},"end":{"line":39,"column":1}},"type":"if","locations":[{"start":{"line":37,"column":0},"end":{"line":39,"column":1}},{"start":{},"end":{}}],"line":37}},"s":{"0":1,"1":1,"2":1,"3":1,"4":1,"5":1,"6":1,"7":1,"8":1,"9":1,"10":1,"11":1,"12":1,"13":1,"14":1,"15":1,"16":1,"17":1,"18":1,"19":1,"20":1,"21":0,"22":1,"23":1,"24":1,"25":1,"26":1,"27":1,"28":1,"29":1,"30":0,"31":0,"32":1,"33":1,"34":1,"35":1,"36":1,"37":0,"38":1,"39":1},"f":{"0":0,"1":0},"b":{"0":[0,1]},"_coverageSchema":"1a1c01bbd47fc00a2c39e90264f33305004495a9","hash":"88379a761734990fad472e06df0bb1ff131fa3db"}
,"/Users/codeclouds-sudipta/R&D/NodeJs/express1/server.js": {"path":"/Users/codeclouds-sudipta/R&D/NodeJs/express1/server.js","statementMap":{"0":{"start":{"line":1,"column":17},"end":{"line":1,"column":36}},"1":{"start":{"line":2,"column":15},"end":{"line":2,"column":32}},"2":{"start":{"line":4,"column":0},"end":{"line":8,"column":3}},"3":{"start":{"line":5,"column":2},"end":{"line":5,"column":54}},"4":{"start":{"line":6,"column":2},"end":{"line":6,"column":37}},"5":{"start":{"line":7,"column":2},"end":{"line":7,"column":18}},"6":{"start":{"line":10,"column":0},"end":{"line":10,"column":40}},"7":{"start":{"line":11,"column":12},"end":{"line":11,"column":28}},"8":{"start":{"line":13,"column":0},"end":{"line":23,"column":5}},"9":{"start":{"line":22,"column":4},"end":{"line":22,"column":29}},"10":{"start":{"line":37,"column":13},"end":{"line":37,"column":37}},"11":{"start":{"line":39,"column":15},"end":{"line":41,"column":2}},"12":{"start":{"line":43,"column":0},"end":{"line":49,"column":3}},"13":{"start":{"line":44,"column":2},"end":{"line":44,"column":55}},"14":{"start":{"line":45,"column":2},"end":{"line":45,"column":37}},"15":{"start":{"line":46,"column":2},"end":{"line":48,"column":5}},"16":{"start":{"line":47,"column":4},"end":{"line":47,"column":20}}},"fnMap":{"0":{"name":"(anonymous_0)","decl":{"start":{"line":4,"column":32},"end":{"line":4,"column":33}},"loc":{"start":{"line":4,"column":41},"end":{"line":8,"column":1}},"line":4},"1":{"name":"(anonymous_1)","decl":{"start":{"line":18,"column":8},"end":{"line":18,"column":9}},"loc":{"start":{"line":18,"column":14},"end":{"line":20,"column":3}},"line":18},"2":{"name":"(anonymous_2)","decl":{"start":{"line":21,"column":9},"end":{"line":21,"column":10}},"loc":{"start":{"line":21,"column":18},"end":{"line":23,"column":3}},"line":21},"3":{"name":"(anonymous_3)","decl":{"start":{"line":39,"column":32},"end":{"line":39,"column":33}},"loc":{"start":{"line":39,"column":38},"end":{"line":41,"column":1}},"line":39},"4":{"name":"(anonymous_4)","decl":{"start":{"line":43,"column":33},"end":{"line":43,"column":34}},"loc":{"start":{"line":43,"column":42},"end":{"line":49,"column":1}},"line":43},"5":{"name":"(anonymous_5)","decl":{"start":{"line":46,"column":15},"end":{"line":46,"column":16}},"loc":{"start":{"line":46,"column":21},"end":{"line":48,"column":3}},"line":46}},"branchMap":{"0":{"loc":{"start":{"line":37,"column":13},"end":{"line":37,"column":37}},"type":"binary-expr","locations":[{"start":{"line":37,"column":13},"end":{"line":37,"column":29}},{"start":{"line":37,"column":33},"end":{"line":37,"column":37}}],"line":37}},"s":{"0":1,"1":1,"2":1,"3":0,"4":0,"5":0,"6":1,"7":1,"8":1,"9":0,"10":1,"11":1,"12":1,"13":0,"14":0,"15":0,"16":0},"f":{"0":0,"1":0,"2":0,"3":0,"4":0,"5":0},"b":{"0":[1,0]},"_coverageSchema":"1a1c01bbd47fc00a2c39e90264f33305004495a9","hash":"64486247444914df7ee013151c44636338ccc1b7"}
,"/Users/codeclouds-sudipta/R&D/NodeJs/express1/controllers/authController.js": {"path":"/Users/codeclouds-sudipta/R&D/NodeJs/express1/controllers/authController.js","statementMap":{"0":{"start":{"line":1,"column":22},"end":{"line":1,"column":37}},"1":{"start":{"line":2,"column":12},"end":{"line":2,"column":35}},"2":{"start":{"line":3,"column":15},"end":{"line":3,"column":32}},"3":{"start":{"line":4,"column":13},"end":{"line":4,"column":43}},"4":{"start":{"line":5,"column":19},"end":{"line":5,"column":49}},"5":{"start":{"line":6,"column":17},"end":{"line":6,"column":45}},"6":{"start":{"line":7,"column":18},"end":{"line":7,"column":43}},"7":{"start":{"line":9,"column":18},"end":{"line":13,"column":1}},"8":{"start":{"line":10,"column":2},"end":{"line":12,"column":5}},"9":{"start":{"line":14,"column":24},"end":{"line":40,"column":1}},"10":{"start":{"line":15,"column":16},"end":{"line":15,"column":35}},"11":{"start":{"line":18,"column":24},"end":{"line":23,"column":3}},"12":{"start":{"line":24,"column":2},"end":{"line":24,"column":73}},"13":{"start":{"line":24,"column":45},"end":{"line":24,"column":73}},"14":{"start":{"line":25,"column":2},"end":{"line":25,"column":42}},"15":{"start":{"line":28,"column":2},"end":{"line":28,"column":28}},"16":{"start":{"line":29,"column":2},"end":{"line":29,"column":38}},"17":{"start":{"line":30,"column":2},"end":{"line":30,"column":40}},"18":{"start":{"line":31,"column":2},"end":{"line":31,"column":37}},"19":{"start":{"line":33,"column":2},"end":{"line":39,"column":5}},"20":{"start":{"line":42,"column":0},"end":{"line":61,"column":3}},"21":{"start":{"line":43,"column":18},"end":{"line":49,"column":4}},"22":{"start":{"line":50,"column":2},"end":{"line":50,"column":37}},"23":{"start":{"line":63,"column":0},"end":{"line":87,"column":3}},"24":{"start":{"line":64,"column":30},"end":{"line":64,"column":38}},"25":{"start":{"line":67,"column":2},"end":{"line":69,"column":3}},"26":{"start":{"line":68,"column":4},"end":{"line":68,"column":73}},"27":{"start":{"line":72,"column":15},"end":{"line":72,"column":64}},"28":{"start":{"line":74,"column":2},"end":{"line":76,"column":3}},"29":{"start":{"line":75,"column":4},"end":{"line":75,"column":66}},"30":{"start":{"line":79,"column":2},"end":{"line":79,"column":34}},"31":{"start":{"line":89,"column":0},"end":{"line":97,"column":2}},"32":{"start":{"line":90,"column":2},"end":{"line":93,"column":5}},"33":{"start":{"line":94,"column":2},"end":{"line":96,"column":5}},"34":{"start":{"line":99,"column":0},"end":{"line":142,"column":3}},"35":{"start":{"line":102,"column":2},"end":{"line":109,"column":3}},"36":{"start":{"line":106,"column":4},"end":{"line":106,"column":52}},"37":{"start":{"line":107,"column":9},"end":{"line":109,"column":3}},"38":{"start":{"line":108,"column":4},"end":{"line":108,"column":28}},"39":{"start":{"line":111,"column":2},"end":{"line":115,"column":3}},"40":{"start":{"line":112,"column":4},"end":{"line":114,"column":6}},"41":{"start":{"line":117,"column":18},"end":{"line":117,"column":76}},"42":{"start":{"line":120,"column":22},"end":{"line":120,"column":53}},"43":{"start":{"line":121,"column":2},"end":{"line":128,"column":3}},"44":{"start":{"line":122,"column":4},"end":{"line":127,"column":6}},"45":{"start":{"line":131,"column":2},"end":{"line":135,"column":3}},"46":{"start":{"line":132,"column":4},"end":{"line":134,"column":6}},"47":{"start":{"line":138,"column":2},"end":{"line":138,"column":25}},"48":{"start":{"line":140,"column":2},"end":{"line":140,"column":32}},"49":{"start":{"line":141,"column":2},"end":{"line":141,"column":9}},"50":{"start":{"line":146,"column":0},"end":{"line":174,"column":2}},"51":{"start":{"line":147,"column":2},"end":{"line":172,"column":3}},"52":{"start":{"line":148,"column":4},"end":{"line":171,"column":5}},"53":{"start":{"line":150,"column":22},"end":{"line":153,"column":7}},"54":{"start":{"line":156,"column":26},"end":{"line":156,"column":57}},"55":{"start":{"line":157,"column":6},"end":{"line":159,"column":7}},"56":{"start":{"line":158,"column":8},"end":{"line":158,"column":22}},"57":{"start":{"line":162,"column":6},"end":{"line":164,"column":7}},"58":{"start":{"line":163,"column":8},"end":{"line":163,"column":22}},"59":{"start":{"line":167,"column":6},"end":{"line":167,"column":36}},"60":{"start":{"line":168,"column":6},"end":{"line":168,"column":20}},"61":{"start":{"line":170,"column":6},"end":{"line":170,"column":20}},"62":{"start":{"line":173,"column":2},"end":{"line":173,"column":9}},"63":{"start":{"line":177,"column":0},"end":{"line":187,"column":2}},"64":{"start":{"line":178,"column":2},"end":{"line":186,"column":4}},"65":{"start":{"line":180,"column":4},"end":{"line":184,"column":5}},"66":{"start":{"line":181,"column":6},"end":{"line":183,"column":8}},"67":{"start":{"line":185,"column":4},"end":{"line":185,"column":11}},"68":{"start":{"line":190,"column":0},"end":{"line":232,"column":3}},"69":{"start":{"line":192,"column":20},"end":{"line":192,"column":28}},"70":{"start":{"line":193,"column":2},"end":{"line":195,"column":3}},"71":{"start":{"line":194,"column":4},"end":{"line":194,"column":73}},"72":{"start":{"line":196,"column":15},"end":{"line":196,"column":51}},"73":{"start":{"line":197,"column":2},"end":{"line":199,"column":3}},"74":{"start":{"line":198,"column":4},"end":{"line":198,"column":75}},"75":{"start":{"line":201,"column":21},"end":{"line":201,"column":52}},"76":{"start":{"line":202,"column":2},"end":{"line":202,"column":49}},"77":{"start":{"line":205,"column":19},"end":{"line":207,"column":47}},"78":{"start":{"line":208,"column":18},"end":{"line":208,"column":187}},"79":{"start":{"line":209,"column":2},"end":{"line":226,"column":3}},"80":{"start":{"line":210,"column":4},"end":{"line":214,"column":7}},"81":{"start":{"line":216,"column":4},"end":{"line":216,"column":40}},"82":{"start":{"line":217,"column":4},"end":{"line":217,"column":42}},"83":{"start":{"line":218,"column":4},"end":{"line":218,"column":51}},"84":{"start":{"line":220,"column":4},"end":{"line":225,"column":6}},"85":{"start":{"line":228,"column":2},"end":{"line":231,"column":5}},"86":{"start":{"line":235,"column":0},"end":{"line":265,"column":3}},"87":{"start":{"line":237,"column":20},"end":{"line":237,"column":30}},"88":{"start":{"line":239,"column":22},"end":{"line":239,"column":77}},"89":{"start":{"line":240,"column":15},"end":{"line":243,"column":4}},"90":{"start":{"line":244,"column":2},"end":{"line":246,"column":3}},"91":{"start":{"line":245,"column":4},"end":{"line":245,"column":70}},"92":{"start":{"line":250,"column":2},"end":{"line":250,"column":36}},"93":{"start":{"line":251,"column":2},"end":{"line":251,"column":50}},"94":{"start":{"line":252,"column":2},"end":{"line":252,"column":38}},"95":{"start":{"line":253,"column":2},"end":{"line":253,"column":40}},"96":{"start":{"line":254,"column":2},"end":{"line":254,"column":20}},"97":{"start":{"line":258,"column":2},"end":{"line":258,"column":34}},"98":{"start":{"line":267,"column":0},"end":{"line":297,"column":3}},"99":{"start":{"line":269,"column":15},"end":{"line":269,"column":67}},"100":{"start":{"line":272,"column":2},"end":{"line":283,"column":3}},"101":{"start":{"line":277,"column":4},"end":{"line":282,"column":6}},"102":{"start":{"line":285,"column":2},"end":{"line":287,"column":3}},"103":{"start":{"line":286,"column":4},"end":{"line":286,"column":70}},"104":{"start":{"line":290,"column":2},"end":{"line":290,"column":36}},"105":{"start":{"line":291,"column":2},"end":{"line":291,"column":50}},"106":{"start":{"line":292,"column":2},"end":{"line":292,"column":20}},"107":{"start":{"line":296,"column":2},"end":{"line":296,"column":34}}},"fnMap":{"0":{"name":"(anonymous_0)","decl":{"start":{"line":9,"column":18},"end":{"line":9,"column":19}},"loc":{"start":{"line":9,"column":26},"end":{"line":13,"column":1}},"line":9},"1":{"name":"(anonymous_1)","decl":{"start":{"line":14,"column":24},"end":{"line":14,"column":25}},"loc":{"start":{"line":14,"column":51},"end":{"line":40,"column":1}},"line":14},"2":{"name":"(anonymous_2)","decl":{"start":{"line":42,"column":28},"end":{"line":42,"column":29}},"loc":{"start":{"line":42,"column":48},"end":{"line":61,"column":1}},"line":42},"3":{"name":"(anonymous_3)","decl":{"start":{"line":63,"column":27},"end":{"line":63,"column":28}},"loc":{"start":{"line":63,"column":53},"end":{"line":87,"column":1}},"line":63},"4":{"name":"(anonymous_4)","decl":{"start":{"line":89,"column":17},"end":{"line":89,"column":18}},"loc":{"start":{"line":89,"column":31},"end":{"line":97,"column":1}},"line":89},"5":{"name":"(anonymous_5)","decl":{"start":{"line":99,"column":29},"end":{"line":99,"column":30}},"loc":{"start":{"line":99,"column":55},"end":{"line":142,"column":1}},"line":99},"6":{"name":"(anonymous_6)","decl":{"start":{"line":146,"column":21},"end":{"line":146,"column":22}},"loc":{"start":{"line":146,"column":47},"end":{"line":174,"column":1}},"line":146},"7":{"name":"(anonymous_7)","decl":{"start":{"line":177,"column":21},"end":{"line":177,"column":22}},"loc":{"start":{"line":177,"column":35},"end":{"line":187,"column":1}},"line":177},"8":{"name":"(anonymous_8)","decl":{"start":{"line":178,"column":9},"end":{"line":178,"column":10}},"loc":{"start":{"line":178,"column":29},"end":{"line":186,"column":3}},"line":178},"9":{"name":"(anonymous_9)","decl":{"start":{"line":190,"column":36},"end":{"line":190,"column":37}},"loc":{"start":{"line":190,"column":62},"end":{"line":232,"column":1}},"line":190},"10":{"name":"(anonymous_10)","decl":{"start":{"line":235,"column":35},"end":{"line":235,"column":36}},"loc":{"start":{"line":235,"column":61},"end":{"line":265,"column":1}},"line":235},"11":{"name":"(anonymous_11)","decl":{"start":{"line":267,"column":36},"end":{"line":267,"column":37}},"loc":{"start":{"line":267,"column":62},"end":{"line":297,"column":1}},"line":267}},"branchMap":{"0":{"loc":{"start":{"line":24,"column":2},"end":{"line":24,"column":73}},"type":"if","locations":[{"start":{"line":24,"column":2},"end":{"line":24,"column":73}},{"start":{},"end":{}}],"line":24},"1":{"loc":{"start":{"line":67,"column":2},"end":{"line":69,"column":3}},"type":"if","locations":[{"start":{"line":67,"column":2},"end":{"line":69,"column":3}},{"start":{},"end":{}}],"line":67},"2":{"loc":{"start":{"line":67,"column":6},"end":{"line":67,"column":25}},"type":"binary-expr","locations":[{"start":{"line":67,"column":6},"end":{"line":67,"column":12}},{"start":{"line":67,"column":16},"end":{"line":67,"column":25}}],"line":67},"3":{"loc":{"start":{"line":74,"column":2},"end":{"line":76,"column":3}},"type":"if","locations":[{"start":{"line":74,"column":2},"end":{"line":76,"column":3}},{"start":{},"end":{}}],"line":74},"4":{"loc":{"start":{"line":74,"column":6},"end":{"line":74,"column":69}},"type":"binary-expr","locations":[{"start":{"line":74,"column":6},"end":{"line":74,"column":11}},{"start":{"line":74,"column":15},"end":{"line":74,"column":69}}],"line":74},"5":{"loc":{"start":{"line":102,"column":2},"end":{"line":109,"column":3}},"type":"if","locations":[{"start":{"line":102,"column":2},"end":{"line":109,"column":3}},{"start":{"line":107,"column":9},"end":{"line":109,"column":3}}],"line":102},"6":{"loc":{"start":{"line":103,"column":4},"end":{"line":104,"column":50}},"type":"binary-expr","locations":[{"start":{"line":103,"column":4},"end":{"line":103,"column":29}},{"start":{"line":104,"column":4},"end":{"line":104,"column":50}}],"line":103},"7":{"loc":{"start":{"line":107,"column":9},"end":{"line":109,"column":3}},"type":"if","locations":[{"start":{"line":107,"column":9},"end":{"line":109,"column":3}},{"start":{},"end":{}}],"line":107},"8":{"loc":{"start":{"line":111,"column":2},"end":{"line":115,"column":3}},"type":"if","locations":[{"start":{"line":111,"column":2},"end":{"line":115,"column":3}},{"start":{},"end":{}}],"line":111},"9":{"loc":{"start":{"line":121,"column":2},"end":{"line":128,"column":3}},"type":"if","locations":[{"start":{"line":121,"column":2},"end":{"line":128,"column":3}},{"start":{},"end":{}}],"line":121},"10":{"loc":{"start":{"line":131,"column":2},"end":{"line":135,"column":3}},"type":"if","locations":[{"start":{"line":131,"column":2},"end":{"line":135,"column":3}},{"start":{},"end":{}}],"line":131},"11":{"loc":{"start":{"line":147,"column":2},"end":{"line":172,"column":3}},"type":"if","locations":[{"start":{"line":147,"column":2},"end":{"line":172,"column":3}},{"start":{},"end":{}}],"line":147},"12":{"loc":{"start":{"line":157,"column":6},"end":{"line":159,"column":7}},"type":"if","locations":[{"start":{"line":157,"column":6},"end":{"line":159,"column":7}},{"start":{},"end":{}}],"line":157},"13":{"loc":{"start":{"line":162,"column":6},"end":{"line":164,"column":7}},"type":"if","locations":[{"start":{"line":162,"column":6},"end":{"line":164,"column":7}},{"start":{},"end":{}}],"line":162},"14":{"loc":{"start":{"line":180,"column":4},"end":{"line":184,"column":5}},"type":"if","locations":[{"start":{"line":180,"column":4},"end":{"line":184,"column":5}},{"start":{},"end":{}}],"line":180},"15":{"loc":{"start":{"line":193,"column":2},"end":{"line":195,"column":3}},"type":"if","locations":[{"start":{"line":193,"column":2},"end":{"line":195,"column":3}},{"start":{},"end":{}}],"line":193},"16":{"loc":{"start":{"line":197,"column":2},"end":{"line":199,"column":3}},"type":"if","locations":[{"start":{"line":197,"column":2},"end":{"line":199,"column":3}},{"start":{},"end":{}}],"line":197},"17":{"loc":{"start":{"line":244,"column":2},"end":{"line":246,"column":3}},"type":"if","locations":[{"start":{"line":244,"column":2},"end":{"line":246,"column":3}},{"start":{},"end":{}}],"line":244},"18":{"loc":{"start":{"line":272,"column":2},"end":{"line":283,"column":3}},"type":"if","locations":[{"start":{"line":272,"column":2},"end":{"line":283,"column":3}},{"start":{},"end":{}}],"line":272},"19":{"loc":{"start":{"line":273,"column":4},"end":{"line":275,"column":29}},"type":"binary-expr","locations":[{"start":{"line":273,"column":4},"end":{"line":273,"column":22}},{"start":{"line":274,"column":4},"end":{"line":274,"column":29}},{"start":{"line":275,"column":4},"end":{"line":275,"column":29}}],"line":273},"20":{"loc":{"start":{"line":285,"column":2},"end":{"line":287,"column":3}},"type":"if","locations":[{"start":{"line":285,"column":2},"end":{"line":287,"column":3}},{"start":{},"end":{}}],"line":285}},"s":{"0":1,"1":1,"2":1,"3":1,"4":1,"5":1,"6":1,"7":1,"8":0,"9":1,"10":0,"11":0,"12":0,"13":0,"14":0,"15":0,"16":0,"17":0,"18":0,"19":0,"20":1,"21":0,"22":0,"23":1,"24":0,"25":0,"26":0,"27":0,"28":0,"29":0,"30":0,"31":1,"32":0,"33":0,"34":1,"35":0,"36":0,"37":0,"38":0,"39":0,"40":0,"41":0,"42":0,"43":0,"44":0,"45":0,"46":0,"47":0,"48":0,"49":0,"50":1,"51":0,"52":0,"53":0,"54":0,"55":0,"56":0,"57":0,"58":0,"59":0,"60":0,"61":0,"62":0,"63":1,"64":8,"65":0,"66":0,"67":0,"68":1,"69":0,"70":0,"71":0,"72":0,"73":0,"74":0,"75":0,"76":0,"77":0,"78":0,"79":0,"80":0,"81":0,"82":0,"83":0,"84":0,"85":0,"86":1,"87":0,"88":0,"89":0,"90":0,"91":0,"92":0,"93":0,"94":0,"95":0,"96":0,"97":0,"98":1,"99":0,"100":0,"101":0,"102":0,"103":0,"104":0,"105":0,"106":0,"107":0},"f":{"0":0,"1":0,"2":0,"3":0,"4":0,"5":0,"6":0,"7":8,"8":0,"9":0,"10":0,"11":0},"b":{"0":[0,0],"1":[0,0],"2":[0,0],"3":[0,0],"4":[0,0],"5":[0,0],"6":[0,0],"7":[0,0],"8":[0,0],"9":[0,0],"10":[0,0],"11":[0,0],"12":[0,0],"13":[0,0],"14":[0,0],"15":[0,0],"16":[0,0],"17":[0,0],"18":[0,0],"19":[0,0,0],"20":[0,0]},"_coverageSchema":"1a1c01bbd47fc00a2c39e90264f33305004495a9","hash":"0ff475ad31212e34cbbdf3c2433de5f5345dd634"}
,"/Users/codeclouds-sudipta/R&D/NodeJs/express1/controllers/errorController.js": {"path":"/Users/codeclouds-sudipta/R&D/NodeJs/express1/controllers/errorController.js","statementMap":{"0":{"start":{"line":1,"column":17},"end":{"line":1,"column":45}},"1":{"start":{"line":3,"column":26},"end":{"line":6,"column":1}},"2":{"start":{"line":4,"column":18},"end":{"line":4,"column":54}},"3":{"start":{"line":5,"column":2},"end":{"line":5,"column":36}},"4":{"start":{"line":7,"column":32},"end":{"line":13,"column":1}},"5":{"start":{"line":8,"column":16},"end":{"line":8,"column":79}},"6":{"start":{"line":11,"column":18},"end":{"line":11,"column":78}},"7":{"start":{"line":12,"column":2},"end":{"line":12,"column":36}},"8":{"start":{"line":14,"column":32},"end":{"line":18,"column":1}},"9":{"start":{"line":15,"column":17},"end":{"line":15,"column":66}},"10":{"start":{"line":15,"column":55},"end":{"line":15,"column":65}},"11":{"start":{"line":16,"column":18},"end":{"line":16,"column":60}},"12":{"start":{"line":17,"column":2},"end":{"line":17,"column":36}},"13":{"start":{"line":19,"column":23},"end":{"line":20,"column":58}},"14":{"start":{"line":20,"column":2},"end":{"line":20,"column":58}},"15":{"start":{"line":22,"column":30},"end":{"line":23,"column":67}},"16":{"start":{"line":23,"column":2},"end":{"line":23,"column":67}},"17":{"start":{"line":25,"column":21},"end":{"line":49,"column":1}},"18":{"start":{"line":27,"column":2},"end":{"line":34,"column":3}},"19":{"start":{"line":28,"column":4},"end":{"line":33,"column":7}},"20":{"start":{"line":36,"column":2},"end":{"line":36,"column":31}},"21":{"start":{"line":38,"column":2},"end":{"line":41,"column":5}},"22":{"start":{"line":50,"column":22},"end":{"line":80,"column":1}},"23":{"start":{"line":52,"column":2},"end":{"line":66,"column":3}},"24":{"start":{"line":54,"column":4},"end":{"line":59,"column":5}},"25":{"start":{"line":55,"column":6},"end":{"line":58,"column":9}},"26":{"start":{"line":62,"column":4},"end":{"line":65,"column":7}},"27":{"start":{"line":69,"column":2},"end":{"line":74,"column":3}},"28":{"start":{"line":70,"column":4},"end":{"line":73,"column":7}},"29":{"start":{"line":76,"column":2},"end":{"line":79,"column":5}},"30":{"start":{"line":82,"column":0},"end":{"line":116,"column":2}},"31":{"start":{"line":84,"column":2},"end":{"line":84,"column":41}},"32":{"start":{"line":85,"column":2},"end":{"line":85,"column":37}},"33":{"start":{"line":86,"column":2},"end":{"line":86,"column":55}},"34":{"start":{"line":88,"column":2},"end":{"line":115,"column":3}},"35":{"start":{"line":89,"column":4},"end":{"line":89,"column":32}},"36":{"start":{"line":90,"column":9},"end":{"line":115,"column":3}},"37":{"start":{"line":91,"column":16},"end":{"line":91,"column":26}},"38":{"start":{"line":93,"column":4},"end":{"line":93,"column":32}},"39":{"start":{"line":94,"column":4},"end":{"line":94,"column":26}},"40":{"start":{"line":97,"column":4},"end":{"line":99,"column":5}},"41":{"start":{"line":98,"column":6},"end":{"line":98,"column":39}},"42":{"start":{"line":100,"column":4},"end":{"line":102,"column":5}},"43":{"start":{"line":101,"column":6},"end":{"line":101,"column":45}},"44":{"start":{"line":103,"column":4},"end":{"line":105,"column":5}},"45":{"start":{"line":104,"column":6},"end":{"line":104,"column":45}},"46":{"start":{"line":106,"column":4},"end":{"line":108,"column":5}},"47":{"start":{"line":107,"column":6},"end":{"line":107,"column":31}},"48":{"start":{"line":109,"column":4},"end":{"line":111,"column":5}},"49":{"start":{"line":110,"column":6},"end":{"line":110,"column":38}},"50":{"start":{"line":114,"column":4},"end":{"line":114,"column":35}}},"fnMap":{"0":{"name":"(anonymous_0)","decl":{"start":{"line":3,"column":26},"end":{"line":3,"column":27}},"loc":{"start":{"line":3,"column":35},"end":{"line":6,"column":1}},"line":3},"1":{"name":"(anonymous_1)","decl":{"start":{"line":7,"column":32},"end":{"line":7,"column":33}},"loc":{"start":{"line":7,"column":41},"end":{"line":13,"column":1}},"line":7},"2":{"name":"(anonymous_2)","decl":{"start":{"line":14,"column":32},"end":{"line":14,"column":33}},"loc":{"start":{"line":14,"column":41},"end":{"line":18,"column":1}},"line":14},"3":{"name":"(anonymous_3)","decl":{"start":{"line":15,"column":47},"end":{"line":15,"column":48}},"loc":{"start":{"line":15,"column":55},"end":{"line":15,"column":65}},"line":15},"4":{"name":"(anonymous_4)","decl":{"start":{"line":19,"column":23},"end":{"line":19,"column":24}},"loc":{"start":{"line":20,"column":2},"end":{"line":20,"column":58}},"line":20},"5":{"name":"(anonymous_5)","decl":{"start":{"line":22,"column":30},"end":{"line":22,"column":31}},"loc":{"start":{"line":23,"column":2},"end":{"line":23,"column":67}},"line":23},"6":{"name":"(anonymous_6)","decl":{"start":{"line":25,"column":21},"end":{"line":25,"column":22}},"loc":{"start":{"line":25,"column":40},"end":{"line":49,"column":1}},"line":25},"7":{"name":"(anonymous_7)","decl":{"start":{"line":50,"column":22},"end":{"line":50,"column":23}},"loc":{"start":{"line":50,"column":41},"end":{"line":80,"column":1}},"line":50},"8":{"name":"(anonymous_8)","decl":{"start":{"line":82,"column":17},"end":{"line":82,"column":18}},"loc":{"start":{"line":82,"column":42},"end":{"line":116,"column":1}},"line":82}},"branchMap":{"0":{"loc":{"start":{"line":27,"column":2},"end":{"line":34,"column":3}},"type":"if","locations":[{"start":{"line":27,"column":2},"end":{"line":34,"column":3}},{"start":{},"end":{}}],"line":27},"1":{"loc":{"start":{"line":52,"column":2},"end":{"line":66,"column":3}},"type":"if","locations":[{"start":{"line":52,"column":2},"end":{"line":66,"column":3}},{"start":{},"end":{}}],"line":52},"2":{"loc":{"start":{"line":54,"column":4},"end":{"line":59,"column":5}},"type":"if","locations":[{"start":{"line":54,"column":4},"end":{"line":59,"column":5}},{"start":{},"end":{}}],"line":54},"3":{"loc":{"start":{"line":69,"column":2},"end":{"line":74,"column":3}},"type":"if","locations":[{"start":{"line":69,"column":2},"end":{"line":74,"column":3}},{"start":{},"end":{}}],"line":69},"4":{"loc":{"start":{"line":84,"column":19},"end":{"line":84,"column":40}},"type":"binary-expr","locations":[{"start":{"line":84,"column":19},"end":{"line":84,"column":33}},{"start":{"line":84,"column":37},"end":{"line":84,"column":40}}],"line":84},"5":{"loc":{"start":{"line":85,"column":15},"end":{"line":85,"column":36}},"type":"binary-expr","locations":[{"start":{"line":85,"column":15},"end":{"line":85,"column":25}},{"start":{"line":85,"column":29},"end":{"line":85,"column":36}}],"line":85},"6":{"loc":{"start":{"line":86,"column":16},"end":{"line":86,"column":54}},"type":"binary-expr","locations":[{"start":{"line":86,"column":16},"end":{"line":86,"column":27}},{"start":{"line":86,"column":31},"end":{"line":86,"column":54}}],"line":86},"7":{"loc":{"start":{"line":88,"column":2},"end":{"line":115,"column":3}},"type":"if","locations":[{"start":{"line":88,"column":2},"end":{"line":115,"column":3}},{"start":{"line":90,"column":9},"end":{"line":115,"column":3}}],"line":88},"8":{"loc":{"start":{"line":90,"column":9},"end":{"line":115,"column":3}},"type":"if","locations":[{"start":{"line":90,"column":9},"end":{"line":115,"column":3}},{"start":{},"end":{}}],"line":90},"9":{"loc":{"start":{"line":97,"column":4},"end":{"line":99,"column":5}},"type":"if","locations":[{"start":{"line":97,"column":4},"end":{"line":99,"column":5}},{"start":{},"end":{}}],"line":97},"10":{"loc":{"start":{"line":100,"column":4},"end":{"line":102,"column":5}},"type":"if","locations":[{"start":{"line":100,"column":4},"end":{"line":102,"column":5}},{"start":{},"end":{}}],"line":100},"11":{"loc":{"start":{"line":103,"column":4},"end":{"line":105,"column":5}},"type":"if","locations":[{"start":{"line":103,"column":4},"end":{"line":105,"column":5}},{"start":{},"end":{}}],"line":103},"12":{"loc":{"start":{"line":106,"column":4},"end":{"line":108,"column":5}},"type":"if","locations":[{"start":{"line":106,"column":4},"end":{"line":108,"column":5}},{"start":{},"end":{}}],"line":106},"13":{"loc":{"start":{"line":109,"column":4},"end":{"line":111,"column":5}},"type":"if","locations":[{"start":{"line":109,"column":4},"end":{"line":111,"column":5}},{"start":{},"end":{}}],"line":109}},"s":{"0":1,"1":1,"2":0,"3":0,"4":1,"5":0,"6":0,"7":0,"8":1,"9":0,"10":0,"11":0,"12":0,"13":1,"14":0,"15":1,"16":0,"17":1,"18":0,"19":0,"20":0,"21":0,"22":1,"23":0,"24":0,"25":0,"26":0,"27":0,"28":0,"29":0,"30":1,"31":0,"32":0,"33":0,"34":0,"35":0,"36":0,"37":0,"38":0,"39":0,"40":0,"41":0,"42":0,"43":0,"44":0,"45":0,"46":0,"47":0,"48":0,"49":0,"50":0},"f":{"0":0,"1":0,"2":0,"3":0,"4":0,"5":0,"6":0,"7":0,"8":0},"b":{"0":[0,0],"1":[0,0],"2":[0,0],"3":[0,0],"4":[0,0],"5":[0,0],"6":[0,0],"7":[0,0],"8":[0,0],"9":[0,0],"10":[0,0],"11":[0,0],"12":[0,0],"13":[0,0]},"_coverageSchema":"1a1c01bbd47fc00a2c39e90264f33305004495a9","hash":"abc7a03c3223bc0dfa4ad3dfba56a970dbd277fd"}
,"/Users/codeclouds-sudipta/R&D/NodeJs/express1/controllers/handlerFactory.js": {"path":"/Users/codeclouds-sudipta/R&D/NodeJs/express1/controllers/handlerFactory.js","statementMap":{"0":{"start":{"line":1,"column":19},"end":{"line":1,"column":49}},"1":{"start":{"line":2,"column":17},"end":{"line":2,"column":45}},"2":{"start":{"line":3,"column":19},"end":{"line":3,"column":50}},"3":{"start":{"line":5,"column":0},"end":{"line":25,"column":5}},"4":{"start":{"line":6,"column":2},"end":{"line":25,"column":4}},"5":{"start":{"line":8,"column":17},"end":{"line":8,"column":19}},"6":{"start":{"line":9,"column":4},"end":{"line":9,"column":64}},"7":{"start":{"line":9,"column":27},"end":{"line":9,"column":64}},"8":{"start":{"line":11,"column":21},"end":{"line":15,"column":17}},"9":{"start":{"line":17,"column":16},"end":{"line":17,"column":36}},"10":{"start":{"line":20,"column":4},"end":{"line":24,"column":7}},"11":{"start":{"line":26,"column":0},"end":{"line":40,"column":5}},"12":{"start":{"line":27,"column":2},"end":{"line":40,"column":4}},"13":{"start":{"line":28,"column":16},"end":{"line":28,"column":45}},"14":{"start":{"line":29,"column":4},"end":{"line":29,"column":55}},"15":{"start":{"line":29,"column":20},"end":{"line":29,"column":55}},"16":{"start":{"line":30,"column":16},"end":{"line":30,"column":27}},"17":{"start":{"line":32,"column":4},"end":{"line":34,"column":5}},"18":{"start":{"line":33,"column":6},"end":{"line":33,"column":71}},"19":{"start":{"line":36,"column":4},"end":{"line":39,"column":7}},"20":{"start":{"line":41,"column":0},"end":{"line":49,"column":5}},"21":{"start":{"line":42,"column":2},"end":{"line":49,"column":4}},"22":{"start":{"line":43,"column":16},"end":{"line":43,"column":44}},"23":{"start":{"line":45,"column":4},"end":{"line":48,"column":7}},"24":{"start":{"line":50,"column":0},"end":{"line":61,"column":5}},"25":{"start":{"line":51,"column":2},"end":{"line":61,"column":4}},"26":{"start":{"line":52,"column":16},"end":{"line":52,"column":60}},"27":{"start":{"line":53,"column":4},"end":{"line":55,"column":5}},"28":{"start":{"line":54,"column":6},"end":{"line":54,"column":71}},"29":{"start":{"line":57,"column":4},"end":{"line":60,"column":7}},"30":{"start":{"line":63,"column":0},"end":{"line":78,"column":5}},"31":{"start":{"line":64,"column":2},"end":{"line":78,"column":4}},"32":{"start":{"line":65,"column":16},"end":{"line":68,"column":6}},"33":{"start":{"line":70,"column":4},"end":{"line":72,"column":5}},"34":{"start":{"line":71,"column":6},"end":{"line":71,"column":71}},"35":{"start":{"line":74,"column":4},"end":{"line":77,"column":7}}},"fnMap":{"0":{"name":"(anonymous_0)","decl":{"start":{"line":5,"column":17},"end":{"line":5,"column":18}},"loc":{"start":{"line":6,"column":2},"end":{"line":25,"column":4}},"line":6},"1":{"name":"(anonymous_1)","decl":{"start":{"line":6,"column":13},"end":{"line":6,"column":14}},"loc":{"start":{"line":6,"column":39},"end":{"line":25,"column":3}},"line":6},"2":{"name":"(anonymous_2)","decl":{"start":{"line":26,"column":17},"end":{"line":26,"column":18}},"loc":{"start":{"line":27,"column":2},"end":{"line":40,"column":4}},"line":27},"3":{"name":"(anonymous_3)","decl":{"start":{"line":27,"column":13},"end":{"line":27,"column":14}},"loc":{"start":{"line":27,"column":39},"end":{"line":40,"column":3}},"line":27},"4":{"name":"(anonymous_4)","decl":{"start":{"line":41,"column":20},"end":{"line":41,"column":21}},"loc":{"start":{"line":42,"column":2},"end":{"line":49,"column":4}},"line":42},"5":{"name":"(anonymous_5)","decl":{"start":{"line":42,"column":13},"end":{"line":42,"column":14}},"loc":{"start":{"line":42,"column":39},"end":{"line":49,"column":3}},"line":42},"6":{"name":"(anonymous_6)","decl":{"start":{"line":50,"column":20},"end":{"line":50,"column":21}},"loc":{"start":{"line":51,"column":2},"end":{"line":61,"column":4}},"line":51},"7":{"name":"(anonymous_7)","decl":{"start":{"line":51,"column":13},"end":{"line":51,"column":14}},"loc":{"start":{"line":51,"column":39},"end":{"line":61,"column":3}},"line":51},"8":{"name":"(anonymous_8)","decl":{"start":{"line":63,"column":20},"end":{"line":63,"column":21}},"loc":{"start":{"line":64,"column":2},"end":{"line":78,"column":4}},"line":64},"9":{"name":"(anonymous_9)","decl":{"start":{"line":64,"column":13},"end":{"line":64,"column":14}},"loc":{"start":{"line":64,"column":39},"end":{"line":78,"column":3}},"line":64}},"branchMap":{"0":{"loc":{"start":{"line":9,"column":4},"end":{"line":9,"column":64}},"type":"if","locations":[{"start":{"line":9,"column":4},"end":{"line":9,"column":64}},{"start":{},"end":{}}],"line":9},"1":{"loc":{"start":{"line":29,"column":4},"end":{"line":29,"column":55}},"type":"if","locations":[{"start":{"line":29,"column":4},"end":{"line":29,"column":55}},{"start":{},"end":{}}],"line":29},"2":{"loc":{"start":{"line":32,"column":4},"end":{"line":34,"column":5}},"type":"if","locations":[{"start":{"line":32,"column":4},"end":{"line":34,"column":5}},{"start":{},"end":{}}],"line":32},"3":{"loc":{"start":{"line":53,"column":4},"end":{"line":55,"column":5}},"type":"if","locations":[{"start":{"line":53,"column":4},"end":{"line":55,"column":5}},{"start":{},"end":{}}],"line":53},"4":{"loc":{"start":{"line":70,"column":4},"end":{"line":72,"column":5}},"type":"if","locations":[{"start":{"line":70,"column":4},"end":{"line":72,"column":5}},{"start":{},"end":{}}],"line":70}},"s":{"0":1,"1":1,"2":1,"3":1,"4":3,"5":0,"6":0,"7":0,"8":0,"9":0,"10":0,"11":1,"12":3,"13":0,"14":0,"15":0,"16":0,"17":0,"18":0,"19":0,"20":1,"21":2,"22":0,"23":0,"24":1,"25":3,"26":0,"27":0,"28":0,"29":0,"30":1,"31":3,"32":0,"33":0,"34":0,"35":0},"f":{"0":3,"1":0,"2":3,"3":0,"4":2,"5":0,"6":3,"7":0,"8":3,"9":0},"b":{"0":[0,0],"1":[0,0],"2":[0,0],"3":[0,0],"4":[0,0]},"_coverageSchema":"1a1c01bbd47fc00a2c39e90264f33305004495a9","hash":"b246098020c80b398f9666e4f2ebca2b9023a5fc"}
,"/Users/codeclouds-sudipta/R&D/NodeJs/express1/controllers/reviewController.js": {"path":"/Users/codeclouds-sudipta/R&D/NodeJs/express1/controllers/reviewController.js","statementMap":{"0":{"start":{"line":1,"column":15},"end":{"line":1,"column":47}},"1":{"start":{"line":4,"column":16},"end":{"line":4,"column":43}},"2":{"start":{"line":35,"column":0},"end":{"line":35,"column":47}},"3":{"start":{"line":51,"column":0},"end":{"line":56,"column":2}},"4":{"start":{"line":53,"column":2},"end":{"line":53,"column":56}},"5":{"start":{"line":53,"column":22},"end":{"line":53,"column":56}},"6":{"start":{"line":54,"column":2},"end":{"line":54,"column":50}},"7":{"start":{"line":54,"column":22},"end":{"line":54,"column":50}},"8":{"start":{"line":55,"column":2},"end":{"line":55,"column":9}},"9":{"start":{"line":57,"column":0},"end":{"line":57,"column":43}},"10":{"start":{"line":58,"column":0},"end":{"line":58,"column":49}},"11":{"start":{"line":59,"column":0},"end":{"line":59,"column":52}},"12":{"start":{"line":60,"column":0},"end":{"line":60,"column":49}}},"fnMap":{"0":{"name":"(anonymous_0)","decl":{"start":{"line":51,"column":25},"end":{"line":51,"column":26}},"loc":{"start":{"line":51,"column":45},"end":{"line":56,"column":1}},"line":51}},"branchMap":{"0":{"loc":{"start":{"line":53,"column":2},"end":{"line":53,"column":56}},"type":"if","locations":[{"start":{"line":53,"column":2},"end":{"line":53,"column":56}},{"start":{},"end":{}}],"line":53},"1":{"loc":{"start":{"line":54,"column":2},"end":{"line":54,"column":50}},"type":"if","locations":[{"start":{"line":54,"column":2},"end":{"line":54,"column":50}},{"start":{},"end":{}}],"line":54}},"s":{"0":1,"1":1,"2":1,"3":1,"4":0,"5":0,"6":0,"7":0,"8":0,"9":1,"10":1,"11":1,"12":1},"f":{"0":0},"b":{"0":[0,0],"1":[0,0]},"_coverageSchema":"1a1c01bbd47fc00a2c39e90264f33305004495a9","hash":"a0553ac67fc08887c622c352fdaa5488c945f7bb"}
,"/Users/codeclouds-sudipta/R&D/NodeJs/express1/controllers/tourController.js": {"path":"/Users/codeclouds-sudipta/R&D/NodeJs/express1/controllers/tourController.js","statementMap":{"0":{"start":{"line":1,"column":15},"end":{"line":1,"column":32}},"1":{"start":{"line":2,"column":14},"end":{"line":2,"column":30}},"2":{"start":{"line":4,"column":13},"end":{"line":4,"column":43}},"3":{"start":{"line":6,"column":19},"end":{"line":6,"column":49}},"4":{"start":{"line":7,"column":17},"end":{"line":7,"column":45}},"5":{"start":{"line":8,"column":16},"end":{"line":8,"column":43}},"6":{"start":{"line":10,"column":22},"end":{"line":10,"column":44}},"7":{"start":{"line":12,"column":21},"end":{"line":18,"column":1}},"8":{"start":{"line":13,"column":2},"end":{"line":17,"column":3}},"9":{"start":{"line":14,"column":4},"end":{"line":14,"column":19}},"10":{"start":{"line":16,"column":4},"end":{"line":16,"column":77}},"11":{"start":{"line":20,"column":15},"end":{"line":20,"column":75}},"12":{"start":{"line":22,"column":0},"end":{"line":25,"column":3}},"13":{"start":{"line":28,"column":0},"end":{"line":54,"column":3}},"14":{"start":{"line":29,"column":2},"end":{"line":29,"column":64}},"15":{"start":{"line":29,"column":50},"end":{"line":29,"column":64}},"16":{"start":{"line":32,"column":2},"end":{"line":32,"column":73}},"17":{"start":{"line":33,"column":2},"end":{"line":37,"column":55}},"18":{"start":{"line":40,"column":2},"end":{"line":40,"column":23}},"19":{"start":{"line":41,"column":2},"end":{"line":52,"column":4}},"20":{"start":{"line":43,"column":23},"end":{"line":43,"column":74}},"21":{"start":{"line":44,"column":6},"end":{"line":48,"column":48}},"22":{"start":{"line":50,"column":6},"end":{"line":50,"column":37}},"23":{"start":{"line":53,"column":2},"end":{"line":53,"column":9}},"24":{"start":{"line":77,"column":0},"end":{"line":77,"column":43}},"25":{"start":{"line":78,"column":0},"end":{"line":78,"column":60}},"26":{"start":{"line":118,"column":0},"end":{"line":118,"column":45}},"27":{"start":{"line":119,"column":0},"end":{"line":119,"column":45}},"28":{"start":{"line":150,"column":0},"end":{"line":150,"column":45}},"29":{"start":{"line":152,"column":0},"end":{"line":183,"column":3}},"30":{"start":{"line":153,"column":16},"end":{"line":175,"column":4}},"31":{"start":{"line":177,"column":2},"end":{"line":182,"column":5}},"32":{"start":{"line":184,"column":0},"end":{"line":227,"column":3}},"33":{"start":{"line":185,"column":15},"end":{"line":185,"column":34}},"34":{"start":{"line":186,"column":15},"end":{"line":219,"column":4}},"35":{"start":{"line":221,"column":2},"end":{"line":226,"column":5}},"36":{"start":{"line":231,"column":0},"end":{"line":260,"column":3}},"37":{"start":{"line":232,"column":37},"end":{"line":232,"column":47}},"38":{"start":{"line":233,"column":21},"end":{"line":233,"column":38}},"39":{"start":{"line":235,"column":2},"end":{"line":242,"column":3}},"40":{"start":{"line":236,"column":4},"end":{"line":241,"column":6}},"41":{"start":{"line":243,"column":2},"end":{"line":245,"column":3}},"42":{"start":{"line":244,"column":4},"end":{"line":244,"column":70}},"43":{"start":{"line":247,"column":17},"end":{"line":247,"column":70}},"44":{"start":{"line":249,"column":16},"end":{"line":251,"column":4}},"45":{"start":{"line":253,"column":2},"end":{"line":259,"column":5}},"46":{"start":{"line":262,"column":0},"end":{"line":301,"column":3}},"47":{"start":{"line":263,"column":27},"end":{"line":263,"column":37}},"48":{"start":{"line":264,"column":21},"end":{"line":264,"column":38}},"49":{"start":{"line":265,"column":21},"end":{"line":265,"column":56}},"50":{"start":{"line":267,"column":2},"end":{"line":274,"column":3}},"51":{"start":{"line":268,"column":4},"end":{"line":273,"column":6}},"52":{"start":{"line":276,"column":20},"end":{"line":293,"column":4}},"53":{"start":{"line":295,"column":2},"end":{"line":300,"column":5}}},"fnMap":{"0":{"name":"(anonymous_0)","decl":{"start":{"line":12,"column":21},"end":{"line":12,"column":22}},"loc":{"start":{"line":12,"column":40},"end":{"line":18,"column":1}},"line":12},"1":{"name":"(anonymous_1)","decl":{"start":{"line":28,"column":38},"end":{"line":28,"column":39}},"loc":{"start":{"line":28,"column":64},"end":{"line":54,"column":1}},"line":28},"2":{"name":"(anonymous_2)","decl":{"start":{"line":42,"column":25},"end":{"line":42,"column":26}},"loc":{"start":{"line":42,"column":44},"end":{"line":51,"column":5}},"line":42},"3":{"name":"(anonymous_3)","decl":{"start":{"line":152,"column":34},"end":{"line":152,"column":35}},"loc":{"start":{"line":152,"column":60},"end":{"line":183,"column":1}},"line":152},"4":{"name":"(anonymous_4)","decl":{"start":{"line":184,"column":36},"end":{"line":184,"column":37}},"loc":{"start":{"line":184,"column":62},"end":{"line":227,"column":1}},"line":184},"5":{"name":"(anonymous_5)","decl":{"start":{"line":231,"column":36},"end":{"line":231,"column":37}},"loc":{"start":{"line":231,"column":62},"end":{"line":260,"column":1}},"line":231},"6":{"name":"(anonymous_6)","decl":{"start":{"line":262,"column":34},"end":{"line":262,"column":35}},"loc":{"start":{"line":262,"column":60},"end":{"line":301,"column":1}},"line":262}},"branchMap":{"0":{"loc":{"start":{"line":13,"column":2},"end":{"line":17,"column":3}},"type":"if","locations":[{"start":{"line":13,"column":2},"end":{"line":17,"column":3}},{"start":{"line":15,"column":9},"end":{"line":17,"column":3}}],"line":13},"1":{"loc":{"start":{"line":29,"column":2},"end":{"line":29,"column":64}},"type":"if","locations":[{"start":{"line":29,"column":2},"end":{"line":29,"column":64}},{"start":{},"end":{}}],"line":29},"2":{"loc":{"start":{"line":29,"column":6},"end":{"line":29,"column":48}},"type":"binary-expr","locations":[{"start":{"line":29,"column":6},"end":{"line":29,"column":27}},{"start":{"line":29,"column":31},"end":{"line":29,"column":48}}],"line":29},"3":{"loc":{"start":{"line":235,"column":2},"end":{"line":242,"column":3}},"type":"if","locations":[{"start":{"line":235,"column":2},"end":{"line":242,"column":3}},{"start":{},"end":{}}],"line":235},"4":{"loc":{"start":{"line":235,"column":6},"end":{"line":235,"column":18}},"type":"binary-expr","locations":[{"start":{"line":235,"column":6},"end":{"line":235,"column":10}},{"start":{"line":235,"column":14},"end":{"line":235,"column":18}}],"line":235},"5":{"loc":{"start":{"line":243,"column":2},"end":{"line":245,"column":3}},"type":"if","locations":[{"start":{"line":243,"column":2},"end":{"line":245,"column":3}},{"start":{},"end":{}}],"line":243},"6":{"loc":{"start":{"line":243,"column":6},"end":{"line":243,"column":36}},"type":"binary-expr","locations":[{"start":{"line":243,"column":6},"end":{"line":243,"column":19}},{"start":{"line":243,"column":23},"end":{"line":243,"column":36}}],"line":243},"7":{"loc":{"start":{"line":247,"column":17},"end":{"line":247,"column":70}},"type":"cond-expr","locations":[{"start":{"line":247,"column":33},"end":{"line":247,"column":50}},{"start":{"line":247,"column":53},"end":{"line":247,"column":70}}],"line":247},"8":{"loc":{"start":{"line":265,"column":21},"end":{"line":265,"column":56}},"type":"cond-expr","locations":[{"start":{"line":265,"column":37},"end":{"line":265,"column":48}},{"start":{"line":265,"column":51},"end":{"line":265,"column":56}}],"line":265},"9":{"loc":{"start":{"line":267,"column":2},"end":{"line":274,"column":3}},"type":"if","locations":[{"start":{"line":267,"column":2},"end":{"line":274,"column":3}},{"start":{},"end":{}}],"line":267},"10":{"loc":{"start":{"line":267,"column":6},"end":{"line":267,"column":18}},"type":"binary-expr","locations":[{"start":{"line":267,"column":6},"end":{"line":267,"column":10}},{"start":{"line":267,"column":14},"end":{"line":267,"column":18}}],"line":267}},"s":{"0":1,"1":1,"2":1,"3":1,"4":1,"5":1,"6":1,"7":1,"8":0,"9":0,"10":0,"11":1,"12":1,"13":1,"14":0,"15":0,"16":0,"17":0,"18":0,"19":0,"20":0,"21":0,"22":0,"23":0,"24":1,"25":1,"26":1,"27":1,"28":1,"29":1,"30":0,"31":0,"32":1,"33":0,"34":0,"35":0,"36":1,"37":0,"38":0,"39":0,"40":0,"41":0,"42":0,"43":0,"44":0,"45":0,"46":1,"47":0,"48":0,"49":0,"50":0,"51":0,"52":0,"53":0},"f":{"0":0,"1":0,"2":0,"3":0,"4":0,"5":0,"6":0},"b":{"0":[0,0],"1":[0,0],"2":[0,0],"3":[0,0],"4":[0,0],"5":[0,0],"6":[0,0],"7":[0,0],"8":[0,0],"9":[0,0],"10":[0,0]},"_coverageSchema":"1a1c01bbd47fc00a2c39e90264f33305004495a9","hash":"380422efdb73de6e326cfbbfc79fe47f5046d5b2"}
,"/Users/codeclouds-sudipta/R&D/NodeJs/express1/controllers/userController.js": {"path":"/Users/codeclouds-sudipta/R&D/NodeJs/express1/controllers/userController.js","statementMap":{"0":{"start":{"line":1,"column":15},"end":{"line":1,"column":32}},"1":{"start":{"line":2,"column":14},"end":{"line":2,"column":30}},"2":{"start":{"line":4,"column":13},"end":{"line":4,"column":43}},"3":{"start":{"line":6,"column":19},"end":{"line":6,"column":49}},"4":{"start":{"line":7,"column":17},"end":{"line":7,"column":45}},"5":{"start":{"line":8,"column":16},"end":{"line":8,"column":43}},"6":{"start":{"line":21,"column":22},"end":{"line":21,"column":44}},"7":{"start":{"line":23,"column":21},"end":{"line":29,"column":1}},"8":{"start":{"line":24,"column":2},"end":{"line":28,"column":3}},"9":{"start":{"line":25,"column":4},"end":{"line":25,"column":19}},"10":{"start":{"line":27,"column":4},"end":{"line":27,"column":77}},"11":{"start":{"line":31,"column":15},"end":{"line":31,"column":75}},"12":{"start":{"line":33,"column":0},"end":{"line":33,"column":49}},"13":{"start":{"line":37,"column":0},"end":{"line":49,"column":3}},"14":{"start":{"line":38,"column":2},"end":{"line":38,"column":31}},"15":{"start":{"line":38,"column":17},"end":{"line":38,"column":31}},"16":{"start":{"line":40,"column":2},"end":{"line":40,"column":63}},"17":{"start":{"line":42,"column":2},"end":{"line":46,"column":53}},"18":{"start":{"line":48,"column":2},"end":{"line":48,"column":9}},"19":{"start":{"line":61,"column":18},"end":{"line":67,"column":8}},"20":{"start":{"line":62,"column":2},"end":{"line":67,"column":8}},"21":{"start":{"line":63,"column":4},"end":{"line":65,"column":5}},"22":{"start":{"line":64,"column":6},"end":{"line":64,"column":29}},"23":{"start":{"line":66,"column":4},"end":{"line":66,"column":18}},"24":{"start":{"line":87,"column":0},"end":{"line":87,"column":43}},"25":{"start":{"line":89,"column":0},"end":{"line":94,"column":2}},"26":{"start":{"line":90,"column":2},"end":{"line":93,"column":5}},"27":{"start":{"line":96,"column":0},"end":{"line":99,"column":2}},"28":{"start":{"line":97,"column":2},"end":{"line":97,"column":30}},"29":{"start":{"line":98,"column":2},"end":{"line":98,"column":9}},"30":{"start":{"line":101,"column":0},"end":{"line":133,"column":3}},"31":{"start":{"line":106,"column":2},"end":{"line":113,"column":3}},"32":{"start":{"line":107,"column":4},"end":{"line":112,"column":6}},"33":{"start":{"line":116,"column":23},"end":{"line":116,"column":59}},"34":{"start":{"line":119,"column":2},"end":{"line":119,"column":55}},"35":{"start":{"line":119,"column":16},"end":{"line":119,"column":55}},"36":{"start":{"line":122,"column":22},"end":{"line":125,"column":4}},"37":{"start":{"line":127,"column":2},"end":{"line":132,"column":5}},"38":{"start":{"line":135,"column":0},"end":{"line":141,"column":3}},"39":{"start":{"line":136,"column":2},"end":{"line":136,"column":63}},"40":{"start":{"line":137,"column":2},"end":{"line":140,"column":5}},"41":{"start":{"line":157,"column":0},"end":{"line":157,"column":39}},"42":{"start":{"line":165,"column":0},"end":{"line":165,"column":45}},"43":{"start":{"line":174,"column":0},"end":{"line":174,"column":45}}},"fnMap":{"0":{"name":"(anonymous_0)","decl":{"start":{"line":23,"column":21},"end":{"line":23,"column":22}},"loc":{"start":{"line":23,"column":40},"end":{"line":29,"column":1}},"line":23},"1":{"name":"(anonymous_1)","decl":{"start":{"line":37,"column":37},"end":{"line":37,"column":38}},"loc":{"start":{"line":37,"column":63},"end":{"line":49,"column":1}},"line":37},"2":{"name":"(anonymous_2)","decl":{"start":{"line":61,"column":18},"end":{"line":61,"column":19}},"loc":{"start":{"line":62,"column":2},"end":{"line":67,"column":8}},"line":62},"3":{"name":"(anonymous_3)","decl":{"start":{"line":62,"column":26},"end":{"line":62,"column":27}},"loc":{"start":{"line":62,"column":43},"end":{"line":67,"column":3}},"line":62},"4":{"name":"(anonymous_4)","decl":{"start":{"line":89,"column":21},"end":{"line":89,"column":22}},"loc":{"start":{"line":89,"column":35},"end":{"line":94,"column":1}},"line":89},"5":{"name":"(anonymous_5)","decl":{"start":{"line":96,"column":16},"end":{"line":96,"column":17}},"loc":{"start":{"line":96,"column":36},"end":{"line":99,"column":1}},"line":96},"6":{"name":"(anonymous_6)","decl":{"start":{"line":101,"column":30},"end":{"line":101,"column":31}},"loc":{"start":{"line":101,"column":56},"end":{"line":133,"column":1}},"line":101},"7":{"name":"(anonymous_7)","decl":{"start":{"line":135,"column":30},"end":{"line":135,"column":31}},"loc":{"start":{"line":135,"column":56},"end":{"line":141,"column":1}},"line":135}},"branchMap":{"0":{"loc":{"start":{"line":24,"column":2},"end":{"line":28,"column":3}},"type":"if","locations":[{"start":{"line":24,"column":2},"end":{"line":28,"column":3}},{"start":{"line":26,"column":9},"end":{"line":28,"column":3}}],"line":24},"1":{"loc":{"start":{"line":38,"column":2},"end":{"line":38,"column":31}},"type":"if","locations":[{"start":{"line":38,"column":2},"end":{"line":38,"column":31}},{"start":{},"end":{}}],"line":38},"2":{"loc":{"start":{"line":63,"column":4},"end":{"line":65,"column":5}},"type":"if","locations":[{"start":{"line":63,"column":4},"end":{"line":65,"column":5}},{"start":{},"end":{}}],"line":63},"3":{"loc":{"start":{"line":106,"column":2},"end":{"line":113,"column":3}},"type":"if","locations":[{"start":{"line":106,"column":2},"end":{"line":113,"column":3}},{"start":{},"end":{}}],"line":106},"4":{"loc":{"start":{"line":106,"column":6},"end":{"line":106,"column":51}},"type":"binary-expr","locations":[{"start":{"line":106,"column":6},"end":{"line":106,"column":23}},{"start":{"line":106,"column":27},"end":{"line":106,"column":51}}],"line":106},"5":{"loc":{"start":{"line":119,"column":2},"end":{"line":119,"column":55}},"type":"if","locations":[{"start":{"line":119,"column":2},"end":{"line":119,"column":55}},{"start":{},"end":{}}],"line":119}},"s":{"0":1,"1":1,"2":1,"3":1,"4":1,"5":1,"6":1,"7":1,"8":0,"9":0,"10":0,"11":1,"12":1,"13":1,"14":0,"15":0,"16":0,"17":0,"18":0,"19":1,"20":0,"21":0,"22":0,"23":0,"24":1,"25":1,"26":0,"27":1,"28":0,"29":0,"30":1,"31":0,"32":0,"33":0,"34":0,"35":0,"36":0,"37":0,"38":1,"39":0,"40":0,"41":1,"42":1,"43":1},"f":{"0":0,"1":0,"2":0,"3":0,"4":0,"5":0,"6":0,"7":0},"b":{"0":[0,0],"1":[0,0],"2":[0,0],"3":[0,0],"4":[0,0],"5":[0,0]},"_coverageSchema":"1a1c01bbd47fc00a2c39e90264f33305004495a9","hash":"398754541b14314d303655f568f335312622cda3"}
,"/Users/codeclouds-sudipta/R&D/NodeJs/express1/controllers/viewsController.js": {"path":"/Users/codeclouds-sudipta/R&D/NodeJs/express1/controllers/viewsController.js","statementMap":{"0":{"start":{"line":1,"column":13},"end":{"line":1,"column":43}},"1":{"start":{"line":2,"column":19},"end":{"line":2,"column":49}},"2":{"start":{"line":3,"column":17},"end":{"line":3,"column":45}},"3":{"start":{"line":5,"column":0},"end":{"line":14,"column":3}},"4":{"start":{"line":7,"column":16},"end":{"line":7,"column":33}},"5":{"start":{"line":10,"column":2},"end":{"line":13,"column":5}},"6":{"start":{"line":16,"column":0},"end":{"line":38,"column":3}},"7":{"start":{"line":18,"column":15},"end":{"line":21,"column":4}},"8":{"start":{"line":22,"column":2},"end":{"line":24,"column":3}},"9":{"start":{"line":23,"column":4},"end":{"line":23,"column":71}},"10":{"start":{"line":28,"column":2},"end":{"line":37,"column":7}},"11":{"start":{"line":40,"column":0},"end":{"line":50,"column":3}},"12":{"start":{"line":41,"column":2},"end":{"line":49,"column":7}},"13":{"start":{"line":52,"column":0},"end":{"line":62,"column":2}},"14":{"start":{"line":53,"column":2},"end":{"line":61,"column":7}}},"fnMap":{"0":{"name":"(anonymous_0)","decl":{"start":{"line":5,"column":33},"end":{"line":5,"column":34}},"loc":{"start":{"line":5,"column":53},"end":{"line":14,"column":1}},"line":5},"1":{"name":"(anonymous_1)","decl":{"start":{"line":16,"column":29},"end":{"line":16,"column":30}},"loc":{"start":{"line":16,"column":55},"end":{"line":38,"column":1}},"line":16},"2":{"name":"(anonymous_2)","decl":{"start":{"line":40,"column":34},"end":{"line":40,"column":35}},"loc":{"start":{"line":40,"column":54},"end":{"line":50,"column":1}},"line":40},"3":{"name":"(anonymous_3)","decl":{"start":{"line":52,"column":21},"end":{"line":52,"column":22}},"loc":{"start":{"line":52,"column":35},"end":{"line":62,"column":1}},"line":52}},"branchMap":{"0":{"loc":{"start":{"line":22,"column":2},"end":{"line":24,"column":3}},"type":"if","locations":[{"start":{"line":22,"column":2},"end":{"line":24,"column":3}},{"start":{},"end":{}}],"line":22}},"s":{"0":1,"1":1,"2":1,"3":1,"4":0,"5":0,"6":1,"7":0,"8":0,"9":0,"10":0,"11":1,"12":0,"13":1,"14":0},"f":{"0":0,"1":0,"2":0,"3":0},"b":{"0":[0,0]},"_coverageSchema":"1a1c01bbd47fc00a2c39e90264f33305004495a9","hash":"4335fefa14cc795a2e4ae01151f4056c28167575"}
,"/Users/codeclouds-sudipta/R&D/NodeJs/express1/models/reviewModel.js": {"path":"/Users/codeclouds-sudipta/R&D/NodeJs/express1/models/reviewModel.js","statementMap":{"0":{"start":{"line":1,"column":17},"end":{"line":1,"column":36}},"1":{"start":{"line":2,"column":13},"end":{"line":2,"column":35}},"2":{"start":{"line":4,"column":21},"end":{"line":34,"column":1}},"3":{"start":{"line":37,"column":0},"end":{"line":37,"column":59}},"4":{"start":{"line":40,"column":0},"end":{"line":55,"column":3}},"5":{"start":{"line":49,"column":2},"end":{"line":52,"column":5}},"6":{"start":{"line":54,"column":2},"end":{"line":54,"column":9}},"7":{"start":{"line":58,"column":0},"end":{"line":82,"column":2}},"8":{"start":{"line":59,"column":16},"end":{"line":70,"column":4}},"9":{"start":{"line":71,"column":2},"end":{"line":81,"column":3}},"10":{"start":{"line":72,"column":4},"end":{"line":75,"column":7}},"11":{"start":{"line":77,"column":4},"end":{"line":80,"column":7}},"12":{"start":{"line":84,"column":0},"end":{"line":87,"column":3}},"13":{"start":{"line":86,"column":2},"end":{"line":86,"column":49}},"14":{"start":{"line":89,"column":0},"end":{"line":93,"column":3}},"15":{"start":{"line":91,"column":2},"end":{"line":91,"column":40}},"16":{"start":{"line":92,"column":2},"end":{"line":92,"column":9}},"17":{"start":{"line":95,"column":0},"end":{"line":98,"column":3}},"18":{"start":{"line":97,"column":2},"end":{"line":97,"column":71}},"19":{"start":{"line":97,"column":14},"end":{"line":97,"column":71}},"20":{"start":{"line":100,"column":15},"end":{"line":100,"column":53}},"21":{"start":{"line":101,"column":0},"end":{"line":101,"column":24}}},"fnMap":{"0":{"name":"(anonymous_0)","decl":{"start":{"line":40,"column":26},"end":{"line":40,"column":27}},"loc":{"start":{"line":40,"column":42},"end":{"line":55,"column":1}},"line":40},"1":{"name":"(anonymous_1)","decl":{"start":{"line":58,"column":42},"end":{"line":58,"column":43}},"loc":{"start":{"line":58,"column":66},"end":{"line":82,"column":1}},"line":58},"2":{"name":"(anonymous_2)","decl":{"start":{"line":84,"column":26},"end":{"line":84,"column":27}},"loc":{"start":{"line":84,"column":38},"end":{"line":87,"column":1}},"line":84},"3":{"name":"(anonymous_3)","decl":{"start":{"line":89,"column":32},"end":{"line":89,"column":33}},"loc":{"start":{"line":89,"column":54},"end":{"line":93,"column":1}},"line":89},"4":{"name":"(anonymous_4)","decl":{"start":{"line":95,"column":33},"end":{"line":95,"column":34}},"loc":{"start":{"line":95,"column":51},"end":{"line":98,"column":1}},"line":95}},"branchMap":{"0":{"loc":{"start":{"line":71,"column":2},"end":{"line":81,"column":3}},"type":"if","locations":[{"start":{"line":71,"column":2},"end":{"line":81,"column":3}},{"start":{"line":76,"column":9},"end":{"line":81,"column":3}}],"line":71},"1":{"loc":{"start":{"line":97,"column":2},"end":{"line":97,"column":71}},"type":"if","locations":[{"start":{"line":97,"column":2},"end":{"line":97,"column":71}},{"start":{},"end":{}}],"line":97}},"s":{"0":1,"1":1,"2":1,"3":1,"4":1,"5":0,"6":0,"7":1,"8":0,"9":0,"10":0,"11":0,"12":1,"13":0,"14":1,"15":0,"16":0,"17":1,"18":0,"19":0,"20":1,"21":1},"f":{"0":0,"1":0,"2":0,"3":0,"4":0},"b":{"0":[0,0],"1":[0,0]},"_coverageSchema":"1a1c01bbd47fc00a2c39e90264f33305004495a9","hash":"1ef4dcb29eafb0ca2fe6684ac1059a19d10d2fa4"}
,"/Users/codeclouds-sudipta/R&D/NodeJs/express1/models/tourModel.js": {"path":"/Users/codeclouds-sudipta/R&D/NodeJs/express1/models/tourModel.js","statementMap":{"0":{"start":{"line":1,"column":17},"end":{"line":1,"column":36}},"1":{"start":{"line":2,"column":16},"end":{"line":2,"column":34}},"2":{"start":{"line":5,"column":19},"end":{"line":128,"column":1}},"3":{"start":{"line":39,"column":20},"end":{"line":39,"column":45}},"4":{"start":{"line":56,"column":10},"end":{"line":56,"column":34}},"5":{"start":{"line":133,"column":0},"end":{"line":133,"column":51}},"6":{"start":{"line":134,"column":0},"end":{"line":134,"column":30}},"7":{"start":{"line":135,"column":0},"end":{"line":135,"column":48}},"8":{"start":{"line":138,"column":0},"end":{"line":140,"column":3}},"9":{"start":{"line":139,"column":2},"end":{"line":139,"column":27}},"10":{"start":{"line":142,"column":0},"end":{"line":146,"column":3}},"11":{"start":{"line":149,"column":0},"end":{"line":152,"column":3}},"12":{"start":{"line":150,"column":2},"end":{"line":150,"column":50}},"13":{"start":{"line":151,"column":2},"end":{"line":151,"column":9}},"14":{"start":{"line":153,"column":0},"end":{"line":156,"column":3}},"15":{"start":{"line":154,"column":2},"end":{"line":154,"column":30}},"16":{"start":{"line":155,"column":2},"end":{"line":155,"column":9}},"17":{"start":{"line":167,"column":0},"end":{"line":170,"column":3}},"18":{"start":{"line":168,"column":2},"end":{"line":168,"column":38}},"19":{"start":{"line":169,"column":2},"end":{"line":169,"column":9}},"20":{"start":{"line":172,"column":0},"end":{"line":176,"column":3}},"21":{"start":{"line":173,"column":2},"end":{"line":173,"column":43}},"22":{"start":{"line":174,"column":2},"end":{"line":174,"column":26}},"23":{"start":{"line":175,"column":2},"end":{"line":175,"column":9}},"24":{"start":{"line":178,"column":0},"end":{"line":184,"column":3}},"25":{"start":{"line":179,"column":2},"end":{"line":182,"column":5}},"26":{"start":{"line":183,"column":2},"end":{"line":183,"column":9}},"27":{"start":{"line":186,"column":0},"end":{"line":189,"column":3}},"28":{"start":{"line":187,"column":2},"end":{"line":187,"column":69}},"29":{"start":{"line":188,"column":2},"end":{"line":188,"column":9}},"30":{"start":{"line":197,"column":13},"end":{"line":197,"column":47}},"31":{"start":{"line":199,"column":0},"end":{"line":199,"column":22}}},"fnMap":{"0":{"name":"(anonymous_0)","decl":{"start":{"line":39,"column":11},"end":{"line":39,"column":12}},"loc":{"start":{"line":39,"column":20},"end":{"line":39,"column":45}},"line":39},"1":{"name":"(anonymous_1)","decl":{"start":{"line":54,"column":19},"end":{"line":54,"column":20}},"loc":{"start":{"line":54,"column":34},"end":{"line":57,"column":9}},"line":54},"2":{"name":"(anonymous_2)","decl":{"start":{"line":138,"column":40},"end":{"line":138,"column":41}},"loc":{"start":{"line":138,"column":52},"end":{"line":140,"column":1}},"line":138},"3":{"name":"(anonymous_3)","decl":{"start":{"line":149,"column":23},"end":{"line":149,"column":24}},"loc":{"start":{"line":149,"column":39},"end":{"line":152,"column":1}},"line":149},"4":{"name":"(anonymous_4)","decl":{"start":{"line":153,"column":23},"end":{"line":153,"column":24}},"loc":{"start":{"line":153,"column":39},"end":{"line":156,"column":1}},"line":153},"5":{"name":"(anonymous_5)","decl":{"start":{"line":167,"column":35},"end":{"line":167,"column":36}},"loc":{"start":{"line":167,"column":51},"end":{"line":170,"column":1}},"line":167},"6":{"name":"(anonymous_6)","decl":{"start":{"line":172,"column":24},"end":{"line":172,"column":25}},"loc":{"start":{"line":172,"column":40},"end":{"line":176,"column":1}},"line":172},"7":{"name":"(anonymous_7)","decl":{"start":{"line":178,"column":24},"end":{"line":178,"column":25}},"loc":{"start":{"line":178,"column":40},"end":{"line":184,"column":1}},"line":178},"8":{"name":"(anonymous_8)","decl":{"start":{"line":186,"column":25},"end":{"line":186,"column":26}},"loc":{"start":{"line":186,"column":47},"end":{"line":189,"column":1}},"line":186}},"branchMap":{},"s":{"0":1,"1":1,"2":1,"3":0,"4":0,"5":1,"6":1,"7":1,"8":1,"9":0,"10":1,"11":1,"12":0,"13":0,"14":1,"15":0,"16":0,"17":1,"18":0,"19":0,"20":1,"21":0,"22":0,"23":0,"24":1,"25":0,"26":0,"27":1,"28":0,"29":0,"30":1,"31":1},"f":{"0":0,"1":0,"2":0,"3":0,"4":0,"5":0,"6":0,"7":0,"8":0},"b":{},"_coverageSchema":"1a1c01bbd47fc00a2c39e90264f33305004495a9","hash":"161b9717d1fd8fc71b3e509731fec5f511c2029a"}
,"/Users/codeclouds-sudipta/R&D/NodeJs/express1/models/userModel.js": {"path":"/Users/codeclouds-sudipta/R&D/NodeJs/express1/models/userModel.js","statementMap":{"0":{"start":{"line":1,"column":17},"end":{"line":1,"column":36}},"1":{"start":{"line":2,"column":18},"end":{"line":2,"column":38}},"2":{"start":{"line":3,"column":15},"end":{"line":3,"column":34}},"3":{"start":{"line":4,"column":15},"end":{"line":4,"column":32}},"4":{"start":{"line":6,"column":19},"end":{"line":69,"column":1}},"5":{"start":{"line":40,"column":10},"end":{"line":40,"column":38}},"6":{"start":{"line":63,"column":8},"end":{"line":63,"column":28}},"7":{"start":{"line":70,"column":0},"end":{"line":80,"column":3}},"8":{"start":{"line":72,"column":2},"end":{"line":72,"column":50}},"9":{"start":{"line":72,"column":36},"end":{"line":72,"column":50}},"10":{"start":{"line":75,"column":2},"end":{"line":75,"column":55}},"11":{"start":{"line":78,"column":2},"end":{"line":78,"column":35}},"12":{"start":{"line":79,"column":2},"end":{"line":79,"column":9}},"13":{"start":{"line":81,"column":0},"end":{"line":86,"column":3}},"14":{"start":{"line":82,"column":2},"end":{"line":82,"column":64}},"15":{"start":{"line":82,"column":50},"end":{"line":82,"column":64}},"16":{"start":{"line":84,"column":2},"end":{"line":84,"column":45}},"17":{"start":{"line":85,"column":2},"end":{"line":85,"column":9}},"18":{"start":{"line":89,"column":0},"end":{"line":93,"column":3}},"19":{"start":{"line":91,"column":2},"end":{"line":91,"column":40}},"20":{"start":{"line":92,"column":2},"end":{"line":92,"column":9}},"21":{"start":{"line":95,"column":0},"end":{"line":101,"column":2}},"22":{"start":{"line":100,"column":2},"end":{"line":100,"column":63}},"23":{"start":{"line":102,"column":0},"end":{"line":112,"column":2}},"24":{"start":{"line":103,"column":2},"end":{"line":109,"column":3}},"25":{"start":{"line":104,"column":29},"end":{"line":107,"column":5}},"26":{"start":{"line":108,"column":4},"end":{"line":108,"column":43}},"27":{"start":{"line":111,"column":2},"end":{"line":111,"column":15}},"28":{"start":{"line":115,"column":0},"end":{"line":125,"column":2}},"29":{"start":{"line":116,"column":21},"end":{"line":116,"column":59}},"30":{"start":{"line":117,"column":2},"end":{"line":120,"column":19}},"31":{"start":{"line":122,"column":2},"end":{"line":122,"column":58}},"32":{"start":{"line":124,"column":2},"end":{"line":124,"column":20}},"33":{"start":{"line":127,"column":13},"end":{"line":127,"column":47}},"34":{"start":{"line":128,"column":0},"end":{"line":128,"column":22}}},"fnMap":{"0":{"name":"(anonymous_0)","decl":{"start":{"line":39,"column":19},"end":{"line":39,"column":20}},"loc":{"start":{"line":39,"column":33},"end":{"line":41,"column":9}},"line":39},"1":{"name":"(anonymous_1)","decl":{"start":{"line":62,"column":6},"end":{"line":62,"column":7}},"loc":{"start":{"line":62,"column":26},"end":{"line":64,"column":7}},"line":62},"2":{"name":"(anonymous_2)","decl":{"start":{"line":70,"column":23},"end":{"line":70,"column":24}},"loc":{"start":{"line":70,"column":45},"end":{"line":80,"column":1}},"line":70},"3":{"name":"(anonymous_3)","decl":{"start":{"line":81,"column":23},"end":{"line":81,"column":24}},"loc":{"start":{"line":81,"column":39},"end":{"line":86,"column":1}},"line":81},"4":{"name":"(anonymous_4)","decl":{"start":{"line":89,"column":24},"end":{"line":89,"column":25}},"loc":{"start":{"line":89,"column":40},"end":{"line":93,"column":1}},"line":89},"5":{"name":"(anonymous_5)","decl":{"start":{"line":95,"column":37},"end":{"line":95,"column":38}},"loc":{"start":{"line":99,"column":2},"end":{"line":101,"column":1}},"line":99},"6":{"name":"(anonymous_6)","decl":{"start":{"line":102,"column":42},"end":{"line":102,"column":43}},"loc":{"start":{"line":102,"column":66},"end":{"line":112,"column":1}},"line":102},"7":{"name":"(anonymous_7)","decl":{"start":{"line":115,"column":46},"end":{"line":115,"column":47}},"loc":{"start":{"line":115,"column":58},"end":{"line":125,"column":1}},"line":115}},"branchMap":{"0":{"loc":{"start":{"line":72,"column":2},"end":{"line":72,"column":50}},"type":"if","locations":[{"start":{"line":72,"column":2},"end":{"line":72,"column":50}},{"start":{},"end":{}}],"line":72},"1":{"loc":{"start":{"line":82,"column":2},"end":{"line":82,"column":64}},"type":"if","locations":[{"start":{"line":82,"column":2},"end":{"line":82,"column":64}},{"start":{},"end":{}}],"line":82},"2":{"loc":{"start":{"line":82,"column":6},"end":{"line":82,"column":48}},"type":"binary-expr","locations":[{"start":{"line":82,"column":6},"end":{"line":82,"column":34}},{"start":{"line":82,"column":38},"end":{"line":82,"column":48}}],"line":82},"3":{"loc":{"start":{"line":103,"column":2},"end":{"line":109,"column":3}},"type":"if","locations":[{"start":{"line":103,"column":2},"end":{"line":109,"column":3}},{"start":{},"end":{}}],"line":103}},"s":{"0":1,"1":1,"2":1,"3":1,"4":1,"5":0,"6":0,"7":1,"8":0,"9":0,"10":0,"11":0,"12":0,"13":1,"14":0,"15":0,"16":0,"17":0,"18":1,"19":0,"20":0,"21":1,"22":0,"23":1,"24":0,"25":0,"26":0,"27":0,"28":1,"29":0,"30":0,"31":0,"32":0,"33":1,"34":1},"f":{"0":0,"1":0,"2":0,"3":0,"4":0,"5":0,"6":0,"7":0},"b":{"0":[0,0],"1":[0,0],"2":[0,0],"3":[0,0]},"_coverageSchema":"1a1c01bbd47fc00a2c39e90264f33305004495a9","hash":"1ab6e63e4cf95597b21128a5a5a286b62e716697"}
,"/Users/codeclouds-sudipta/R&D/NodeJs/express1/routes/reviewRoutes.js": {"path":"/Users/codeclouds-sudipta/R&D/NodeJs/express1/routes/reviewRoutes.js","statementMap":{"0":{"start":{"line":1,"column":16},"end":{"line":1,"column":34}},"1":{"start":{"line":3,"column":23},"end":{"line":3,"column":63}},"2":{"start":{"line":4,"column":25},"end":{"line":4,"column":67}},"3":{"start":{"line":6,"column":15},"end":{"line":6,"column":52}},"4":{"start":{"line":12,"column":0},"end":{"line":20,"column":4}},"5":{"start":{"line":22,"column":0},"end":{"line":34,"column":4}},"6":{"start":{"line":36,"column":0},"end":{"line":36,"column":24}}},"fnMap":{},"branchMap":{},"s":{"0":1,"1":1,"2":1,"3":1,"4":1,"5":1,"6":1},"f":{},"b":{},"_coverageSchema":"1a1c01bbd47fc00a2c39e90264f33305004495a9","hash":"9c53118951b4d1a487b2616d35243ee52f5c4b7f"}
,"/Users/codeclouds-sudipta/R&D/NodeJs/express1/routes/tourRoutes.js": {"path":"/Users/codeclouds-sudipta/R&D/NodeJs/express1/routes/tourRoutes.js","statementMap":{"0":{"start":{"line":1,"column":16},"end":{"line":1,"column":34}},"1":{"start":{"line":2,"column":23},"end":{"line":2,"column":63}},"2":{"start":{"line":3,"column":23},"end":{"line":3,"column":63}},"3":{"start":{"line":5,"column":21},"end":{"line":5,"column":46}},"4":{"start":{"line":7,"column":15},"end":{"line":7,"column":31}},"5":{"start":{"line":29,"column":0},"end":{"line":29,"column":45}},"6":{"start":{"line":31,"column":0},"end":{"line":31,"column":61}},"7":{"start":{"line":32,"column":0},"end":{"line":38,"column":4}},"8":{"start":{"line":41,"column":0},"end":{"line":43,"column":38}},"9":{"start":{"line":45,"column":0},"end":{"line":45,"column":79}},"10":{"start":{"line":47,"column":0},"end":{"line":57,"column":4}},"11":{"start":{"line":58,"column":0},"end":{"line":70,"column":4}},"12":{"start":{"line":72,"column":0},"end":{"line":72,"column":24}}},"fnMap":{},"branchMap":{},"s":{"0":1,"1":1,"2":1,"3":1,"4":1,"5":1,"6":1,"7":1,"8":1,"9":1,"10":1,"11":1,"12":1},"f":{},"b":{},"_coverageSchema":"1a1c01bbd47fc00a2c39e90264f33305004495a9","hash":"10ff01a2125cc9b674ca3a6a28d5e8da7a1e0f97"}
,"/Users/codeclouds-sudipta/R&D/NodeJs/express1/routes/userRoutes.js": {"path":"/Users/codeclouds-sudipta/R&D/NodeJs/express1/routes/userRoutes.js","statementMap":{"0":{"start":{"line":1,"column":16},"end":{"line":1,"column":34}},"1":{"start":{"line":2,"column":23},"end":{"line":2,"column":63}},"2":{"start":{"line":3,"column":23},"end":{"line":3,"column":63}},"3":{"start":{"line":5,"column":15},"end":{"line":5,"column":31}},"4":{"start":{"line":7,"column":0},"end":{"line":7,"column":46}},"5":{"start":{"line":8,"column":0},"end":{"line":8,"column":44}},"6":{"start":{"line":9,"column":0},"end":{"line":9,"column":45}},"7":{"start":{"line":10,"column":0},"end":{"line":10,"column":63}},"8":{"start":{"line":11,"column":0},"end":{"line":11,"column":69}},"9":{"start":{"line":13,"column":0},"end":{"line":13,"column":35}},"10":{"start":{"line":16,"column":0},"end":{"line":16,"column":73}},"11":{"start":{"line":18,"column":0},"end":{"line":18,"column":64}},"12":{"start":{"line":20,"column":0},"end":{"line":26,"column":4}},"13":{"start":{"line":28,"column":0},"end":{"line":28,"column":59}},"14":{"start":{"line":30,"column":0},"end":{"line":30,"column":50}},"15":{"start":{"line":32,"column":0},"end":{"line":32,"column":47}},"16":{"start":{"line":34,"column":0},"end":{"line":38,"column":37}},"17":{"start":{"line":40,"column":0},"end":{"line":40,"column":24}}},"fnMap":{},"branchMap":{},"s":{"0":1,"1":1,"2":1,"3":1,"4":1,"5":1,"6":1,"7":1,"8":1,"9":1,"10":1,"11":1,"12":1,"13":1,"14":1,"15":1,"16":1,"17":1},"f":{},"b":{},"_coverageSchema":"1a1c01bbd47fc00a2c39e90264f33305004495a9","hash":"2a09c8e14cf4e0d3a7b86dc94c9460e82f2c9517"}
,"/Users/codeclouds-sudipta/R&D/NodeJs/express1/routes/viewRoutes.js": {"path":"/Users/codeclouds-sudipta/R&D/NodeJs/express1/routes/viewRoutes.js","statementMap":{"0":{"start":{"line":1,"column":16},"end":{"line":1,"column":34}},"1":{"start":{"line":3,"column":23},"end":{"line":3,"column":63}},"2":{"start":{"line":4,"column":24},"end":{"line":4,"column":65}},"3":{"start":{"line":6,"column":15},"end":{"line":6,"column":31}},"4":{"start":{"line":8,"column":0},"end":{"line":8,"column":72}},"5":{"start":{"line":9,"column":0},"end":{"line":9,"column":78}},"6":{"start":{"line":10,"column":0},"end":{"line":10,"column":78}},"7":{"start":{"line":12,"column":0},"end":{"line":12,"column":75}},"8":{"start":{"line":14,"column":0},"end":{"line":14,"column":24}}},"fnMap":{},"branchMap":{},"s":{"0":1,"1":1,"2":1,"3":1,"4":1,"5":1,"6":1,"7":1,"8":1},"f":{},"b":{},"_coverageSchema":"1a1c01bbd47fc00a2c39e90264f33305004495a9","hash":"c539fcb2dac03e7f21729a3a1a6e6b52da1dfd38"}
,"/Users/codeclouds-sudipta/R&D/NodeJs/express1/utils/apiFeatures.js": {"path":"/Users/codeclouds-sudipta/R&D/NodeJs/express1/utils/apiFeatures.js","statementMap":{"0":{"start":{"line":3,"column":4},"end":{"line":3,"column":23}},"1":{"start":{"line":4,"column":4},"end":{"line":4,"column":35}},"2":{"start":{"line":9,"column":21},"end":{"line":9,"column":44}},"3":{"start":{"line":10,"column":26},"end":{"line":10,"column":61}},"4":{"start":{"line":11,"column":4},"end":{"line":11,"column":55}},"5":{"start":{"line":11,"column":34},"end":{"line":11,"column":53}},"6":{"start":{"line":15,"column":19},"end":{"line":15,"column":43}},"7":{"start":{"line":16,"column":4},"end":{"line":16,"column":80}},"8":{"start":{"line":16,"column":67},"end":{"line":16,"column":78}},"9":{"start":{"line":19,"column":4},"end":{"line":21,"column":5}},"10":{"start":{"line":20,"column":6},"end":{"line":20,"column":72}},"11":{"start":{"line":23,"column":4},"end":{"line":23,"column":55}},"12":{"start":{"line":25,"column":4},"end":{"line":25,"column":16}},"13":{"start":{"line":30,"column":4},"end":{"line":38,"column":5}},"14":{"start":{"line":33,"column":21},"end":{"line":33,"column":63}},"15":{"start":{"line":35,"column":6},"end":{"line":35,"column":43}},"16":{"start":{"line":37,"column":6},"end":{"line":37,"column":49}},"17":{"start":{"line":40,"column":4},"end":{"line":40,"column":16}},"18":{"start":{"line":45,"column":4},"end":{"line":51,"column":5}},"19":{"start":{"line":46,"column":21},"end":{"line":46,"column":65}},"20":{"start":{"line":48,"column":6},"end":{"line":48,"column":45}},"21":{"start":{"line":50,"column":6},"end":{"line":50,"column":45}},"22":{"start":{"line":53,"column":4},"end":{"line":53,"column":16}},"23":{"start":{"line":58,"column":17},"end":{"line":58,"column":47}},"24":{"start":{"line":59,"column":18},"end":{"line":59,"column":51}},"25":{"start":{"line":60,"column":17},"end":{"line":60,"column":35}},"26":{"start":{"line":62,"column":4},"end":{"line":62,"column":52}},"27":{"start":{"line":69,"column":4},"end":{"line":69,"column":16}},"28":{"start":{"line":73,"column":0},"end":{"line":73,"column":28}}},"fnMap":{"0":{"name":"(anonymous_0)","decl":{"start":{"line":2,"column":2},"end":{"line":2,"column":3}},"loc":{"start":{"line":2,"column":34},"end":{"line":5,"column":3}},"line":2},"1":{"name":"(anonymous_1)","decl":{"start":{"line":8,"column":2},"end":{"line":8,"column":3}},"loc":{"start":{"line":8,"column":11},"end":{"line":26,"column":3}},"line":8},"2":{"name":"(anonymous_2)","decl":{"start":{"line":11,"column":26},"end":{"line":11,"column":27}},"loc":{"start":{"line":11,"column":34},"end":{"line":11,"column":53}},"line":11},"3":{"name":"(anonymous_3)","decl":{"start":{"line":16,"column":56},"end":{"line":16,"column":57}},"loc":{"start":{"line":16,"column":67},"end":{"line":16,"column":78}},"line":16},"4":{"name":"(anonymous_4)","decl":{"start":{"line":29,"column":2},"end":{"line":29,"column":3}},"loc":{"start":{"line":29,"column":9},"end":{"line":41,"column":3}},"line":29},"5":{"name":"(anonymous_5)","decl":{"start":{"line":44,"column":2},"end":{"line":44,"column":3}},"loc":{"start":{"line":44,"column":16},"end":{"line":54,"column":3}},"line":44},"6":{"name":"(anonymous_6)","decl":{"start":{"line":57,"column":2},"end":{"line":57,"column":3}},"loc":{"start":{"line":57,"column":13},"end":{"line":70,"column":3}},"line":57}},"branchMap":{"0":{"loc":{"start":{"line":19,"column":4},"end":{"line":21,"column":5}},"type":"if","locations":[{"start":{"line":19,"column":4},"end":{"line":21,"column":5}},{"start":{},"end":{}}],"line":19},"1":{"loc":{"start":{"line":30,"column":4},"end":{"line":38,"column":5}},"type":"if","locations":[{"start":{"line":30,"column":4},"end":{"line":38,"column":5}},{"start":{"line":36,"column":11},"end":{"line":38,"column":5}}],"line":30},"2":{"loc":{"start":{"line":45,"column":4},"end":{"line":51,"column":5}},"type":"if","locations":[{"start":{"line":45,"column":4},"end":{"line":51,"column":5}},{"start":{"line":49,"column":11},"end":{"line":51,"column":5}}],"line":45},"3":{"loc":{"start":{"line":58,"column":17},"end":{"line":58,"column":47}},"type":"binary-expr","locations":[{"start":{"line":58,"column":17},"end":{"line":58,"column":42}},{"start":{"line":58,"column":46},"end":{"line":58,"column":47}}],"line":58},"4":{"loc":{"start":{"line":59,"column":18},"end":{"line":59,"column":51}},"type":"binary-expr","locations":[{"start":{"line":59,"column":18},"end":{"line":59,"column":44}},{"start":{"line":59,"column":48},"end":{"line":59,"column":51}}],"line":59}},"s":{"0":0,"1":0,"2":0,"3":0,"4":0,"5":0,"6":0,"7":0,"8":0,"9":0,"10":0,"11":0,"12":0,"13":0,"14":0,"15":0,"16":0,"17":0,"18":0,"19":0,"20":0,"21":0,"22":0,"23":0,"24":0,"25":0,"26":0,"27":0,"28":1},"f":{"0":0,"1":0,"2":0,"3":0,"4":0,"5":0,"6":0},"b":{"0":[0,0],"1":[0,0],"2":[0,0],"3":[0,0],"4":[0,0]},"_coverageSchema":"1a1c01bbd47fc00a2c39e90264f33305004495a9","hash":"005b33fed240fcfe957196397fcf58bab7b676ad"}
,"/Users/codeclouds-sudipta/R&D/NodeJs/express1/utils/appError.js": {"path":"/Users/codeclouds-sudipta/R&D/NodeJs/express1/utils/appError.js","statementMap":{"0":{"start":{"line":3,"column":4},"end":{"line":3,"column":19}},"1":{"start":{"line":5,"column":4},"end":{"line":5,"column":33}},"2":{"start":{"line":6,"column":4},"end":{"line":6,"column":69}},"3":{"start":{"line":7,"column":4},"end":{"line":7,"column":30}},"4":{"start":{"line":9,"column":4},"end":{"line":9,"column":52}},"5":{"start":{"line":13,"column":0},"end":{"line":13,"column":26}}},"fnMap":{"0":{"name":"(anonymous_0)","decl":{"start":{"line":2,"column":2},"end":{"line":2,"column":3}},"loc":{"start":{"line":2,"column":35},"end":{"line":10,"column":3}},"line":2}},"branchMap":{"0":{"loc":{"start":{"line":6,"column":18},"end":{"line":6,"column":68}},"type":"cond-expr","locations":[{"start":{"line":6,"column":52},"end":{"line":6,"column":58}},{"start":{"line":6,"column":61},"end":{"line":6,"column":68}}],"line":6}},"s":{"0":0,"1":0,"2":0,"3":0,"4":0,"5":1},"f":{"0":0},"b":{"0":[0,0]},"_coverageSchema":"1a1c01bbd47fc00a2c39e90264f33305004495a9","hash":"6018963ed798008f89eec53e0abbb0452437403b"}
,"/Users/codeclouds-sudipta/R&D/NodeJs/express1/utils/catchAsync.js": {"path":"/Users/codeclouds-sudipta/R&D/NodeJs/express1/utils/catchAsync.js","statementMap":{"0":{"start":{"line":1,"column":0},"end":{"line":1,"column":76}},"1":{"start":{"line":1,"column":25},"end":{"line":1,"column":75}},"2":{"start":{"line":1,"column":45},"end":{"line":1,"column":75}}},"fnMap":{"0":{"name":"(anonymous_0)","decl":{"start":{"line":1,"column":17},"end":{"line":1,"column":18}},"loc":{"start":{"line":1,"column":25},"end":{"line":1,"column":75}},"line":1},"1":{"name":"(anonymous_1)","decl":{"start":{"line":1,"column":25},"end":{"line":1,"column":26}},"loc":{"start":{"line":1,"column":45},"end":{"line":1,"column":75}},"line":1}},"branchMap":{},"s":{"0":1,"1":31,"2":0},"f":{"0":31,"1":0},"b":{},"_coverageSchema":"1a1c01bbd47fc00a2c39e90264f33305004495a9","hash":"940fe936b9c5eab819d4718b546622a841f085f7"}
,"/Users/codeclouds-sudipta/R&D/NodeJs/express1/utils/email.js": {"path":"/Users/codeclouds-sudipta/R&D/NodeJs/express1/utils/email.js","statementMap":{"0":{"start":{"line":1,"column":19},"end":{"line":1,"column":40}},"1":{"start":{"line":3,"column":18},"end":{"line":25,"column":1}},"2":{"start":{"line":5,"column":22},"end":{"line":12,"column":4}},"3":{"start":{"line":15,"column":22},"end":{"line":21,"column":3}},"4":{"start":{"line":24,"column":2},"end":{"line":24,"column":42}},"5":{"start":{"line":27,"column":0},"end":{"line":27,"column":27}}},"fnMap":{"0":{"name":"(anonymous_0)","decl":{"start":{"line":3,"column":18},"end":{"line":3,"column":19}},"loc":{"start":{"line":3,"column":37},"end":{"line":25,"column":1}},"line":3}},"branchMap":{},"s":{"0":1,"1":1,"2":0,"3":0,"4":0,"5":1},"f":{"0":0},"b":{},"_coverageSchema":"1a1c01bbd47fc00a2c39e90264f33305004495a9","hash":"cbf9b864628273ef8012a4670936e2d0da1b4468"}
}
