TN:
SF:app.js
FN:85,(anonymous_0)
FN:109,(anonymous_1)
FNF:2
FNH:0
FNDA:0,(anonymous_0)
FNDA:0,(anonymous_1)
DA:1,1
DA:2,1
DA:3,1
DA:4,1
DA:5,1
DA:6,1
DA:7,1
DA:8,1
DA:9,1
DA:11,1
DA:12,1
DA:13,1
DA:14,1
DA:15,1
DA:16,1
DA:18,1
DA:21,1
DA:25,1
DA:29,1
DA:34,1
DA:37,1
DA:38,0
DA:41,1
DA:46,1
DA:49,1
DA:55,1
DA:58,1
DA:61,1
DA:64,1
DA:85,1
DA:86,0
DA:88,0
DA:102,1
DA:104,1
DA:105,1
DA:106,1
DA:109,1
DA:119,0
DA:124,1
DA:127,1
LF:40
LH:36
BRDA:37,0,0,0
BRDA:37,0,1,1
BRF:2
BRH:1
end_of_record
TN:
SF:server.js
FN:4,(anonymous_0)
FN:18,(anonymous_1)
FN:21,(anonymous_2)
FN:39,(anonymous_3)
FN:43,(anonymous_4)
FN:46,(anonymous_5)
FNF:6
FNH:0
FNDA:0,(anonymous_0)
FNDA:0,(anonymous_1)
FNDA:0,(anonymous_2)
FNDA:0,(anonymous_3)
FNDA:0,(anonymous_4)
FNDA:0,(anonymous_5)
DA:1,1
DA:2,1
DA:4,1
DA:5,0
DA:6,0
DA:7,0
DA:10,1
DA:11,1
DA:13,1
DA:22,0
DA:37,1
DA:39,1
DA:43,1
DA:44,0
DA:45,0
DA:46,0
DA:47,0
LF:17
LH:9
BRDA:37,0,0,1
BRDA:37,0,1,0
BRF:2
BRH:1
end_of_record
TN:
SF:controllers/authController.js
FN:9,(anonymous_0)
FN:14,(anonymous_1)
FN:42,(anonymous_2)
FN:63,(anonymous_3)
FN:89,(anonymous_4)
FN:99,(anonymous_5)
FN:146,(anonymous_6)
FN:177,(anonymous_7)
FN:178,(anonymous_8)
FN:190,(anonymous_9)
FN:235,(anonymous_10)
FN:267,(anonymous_11)
FNF:12
FNH:1
FNDA:0,(anonymous_0)
FNDA:0,(anonymous_1)
FNDA:0,(anonymous_2)
FNDA:0,(anonymous_3)
FNDA:0,(anonymous_4)
FNDA:0,(anonymous_5)
FNDA:0,(anonymous_6)
FNDA:8,(anonymous_7)
FNDA:0,(anonymous_8)
FNDA:0,(anonymous_9)
FNDA:0,(anonymous_10)
FNDA:0,(anonymous_11)
DA:1,1
DA:2,1
DA:3,1
DA:4,1
DA:5,1
DA:6,1
DA:7,1
DA:9,1
DA:10,0
DA:14,1
DA:15,0
DA:18,0
DA:24,0
DA:25,0
DA:28,0
DA:29,0
DA:30,0
DA:31,0
DA:33,0
DA:42,1
DA:43,0
DA:50,0
DA:63,1
DA:64,0
DA:67,0
DA:68,0
DA:72,0
DA:74,0
DA:75,0
DA:79,0
DA:89,1
DA:90,0
DA:94,0
DA:99,1
DA:102,0
DA:106,0
DA:107,0
DA:108,0
DA:111,0
DA:112,0
DA:117,0
DA:120,0
DA:121,0
DA:122,0
DA:131,0
DA:132,0
DA:138,0
DA:140,0
DA:141,0
DA:146,1
DA:147,0
DA:148,0
DA:150,0
DA:156,0
DA:157,0
DA:158,0
DA:162,0
DA:163,0
DA:167,0
DA:168,0
DA:170,0
DA:173,0
DA:177,1
DA:178,8
DA:180,0
DA:181,0
DA:185,0
DA:190,1
DA:192,0
DA:193,0
DA:194,0
DA:196,0
DA:197,0
DA:198,0
DA:201,0
DA:202,0
DA:205,0
DA:208,0
DA:209,0
DA:210,0
DA:216,0
DA:217,0
DA:218,0
DA:220,0
DA:228,0
DA:235,1
DA:237,0
DA:239,0
DA:240,0
DA:244,0
DA:245,0
DA:250,0
DA:251,0
DA:252,0
DA:253,0
DA:254,0
DA:258,0
DA:267,1
DA:269,0
DA:272,0
DA:277,0
DA:285,0
DA:286,0
DA:290,0
DA:291,0
DA:292,0
DA:296,0
LF:107
LH:19
BRDA:24,0,0,0
BRDA:24,0,1,0
BRDA:67,1,0,0
BRDA:67,1,1,0
BRDA:67,2,0,0
BRDA:67,2,1,0
BRDA:74,3,0,0
BRDA:74,3,1,0
BRDA:74,4,0,0
BRDA:74,4,1,0
BRDA:102,5,0,0
BRDA:102,5,1,0
BRDA:103,6,0,0
BRDA:103,6,1,0
BRDA:107,7,0,0
BRDA:107,7,1,0
BRDA:111,8,0,0
BRDA:111,8,1,0
BRDA:121,9,0,0
BRDA:121,9,1,0
BRDA:131,10,0,0
BRDA:131,10,1,0
BRDA:147,11,0,0
BRDA:147,11,1,0
BRDA:157,12,0,0
BRDA:157,12,1,0
BRDA:162,13,0,0
BRDA:162,13,1,0
BRDA:180,14,0,0
BRDA:180,14,1,0
BRDA:193,15,0,0
BRDA:193,15,1,0
BRDA:197,16,0,0
BRDA:197,16,1,0
BRDA:244,17,0,0
BRDA:244,17,1,0
BRDA:272,18,0,0
BRDA:272,18,1,0
BRDA:273,19,0,0
BRDA:273,19,1,0
BRDA:273,19,2,0
BRDA:285,20,0,0
BRDA:285,20,1,0
BRF:43
BRH:0
end_of_record
TN:
SF:controllers/errorController.js
FN:3,(anonymous_0)
FN:7,(anonymous_1)
FN:14,(anonymous_2)
FN:15,(anonymous_3)
FN:19,(anonymous_4)
FN:22,(anonymous_5)
FN:25,(anonymous_6)
FN:50,(anonymous_7)
FN:82,(anonymous_8)
FNF:9
FNH:0
FNDA:0,(anonymous_0)
FNDA:0,(anonymous_1)
FNDA:0,(anonymous_2)
FNDA:0,(anonymous_3)
FNDA:0,(anonymous_4)
FNDA:0,(anonymous_5)
FNDA:0,(anonymous_6)
FNDA:0,(anonymous_7)
FNDA:0,(anonymous_8)
DA:1,1
DA:3,1
DA:4,0
DA:5,0
DA:7,1
DA:8,0
DA:11,0
DA:12,0
DA:14,1
DA:15,0
DA:16,0
DA:17,0
DA:19,1
DA:20,0
DA:22,1
DA:23,0
DA:25,1
DA:27,0
DA:28,0
DA:36,0
DA:38,0
DA:50,1
DA:52,0
DA:54,0
DA:55,0
DA:62,0
DA:69,0
DA:70,0
DA:76,0
DA:82,1
DA:84,0
DA:85,0
DA:86,0
DA:88,0
DA:89,0
DA:90,0
DA:91,0
DA:93,0
DA:94,0
DA:97,0
DA:98,0
DA:100,0
DA:101,0
DA:103,0
DA:104,0
DA:106,0
DA:107,0
DA:109,0
DA:110,0
DA:114,0
LF:50
LH:9
BRDA:27,0,0,0
BRDA:27,0,1,0
BRDA:52,1,0,0
BRDA:52,1,1,0
BRDA:54,2,0,0
BRDA:54,2,1,0
BRDA:69,3,0,0
BRDA:69,3,1,0
BRDA:84,4,0,0
BRDA:84,4,1,0
BRDA:85,5,0,0
BRDA:85,5,1,0
BRDA:86,6,0,0
BRDA:86,6,1,0
BRDA:88,7,0,0
BRDA:88,7,1,0
BRDA:90,8,0,0
BRDA:90,8,1,0
BRDA:97,9,0,0
BRDA:97,9,1,0
BRDA:100,10,0,0
BRDA:100,10,1,0
BRDA:103,11,0,0
BRDA:103,11,1,0
BRDA:106,12,0,0
BRDA:106,12,1,0
BRDA:109,13,0,0
BRDA:109,13,1,0
BRF:28
BRH:0
end_of_record
TN:
SF:controllers/handlerFactory.js
FN:5,(anonymous_0)
FN:6,(anonymous_1)
FN:26,(anonymous_2)
FN:27,(anonymous_3)
FN:41,(anonymous_4)
FN:42,(anonymous_5)
FN:50,(anonymous_6)
FN:51,(anonymous_7)
FN:63,(anonymous_8)
FN:64,(anonymous_9)
FNF:10
FNH:5
FNDA:3,(anonymous_0)
FNDA:0,(anonymous_1)
FNDA:3,(anonymous_2)
FNDA:0,(anonymous_3)
FNDA:2,(anonymous_4)
FNDA:0,(anonymous_5)
FNDA:3,(anonymous_6)
FNDA:0,(anonymous_7)
FNDA:3,(anonymous_8)
FNDA:0,(anonymous_9)
DA:1,1
DA:2,1
DA:3,1
DA:5,1
DA:6,3
DA:8,0
DA:9,0
DA:11,0
DA:17,0
DA:20,0
DA:26,1
DA:27,3
DA:28,0
DA:29,0
DA:30,0
DA:32,0
DA:33,0
DA:36,0
DA:41,1
DA:42,2
DA:43,0
DA:45,0
DA:50,1
DA:51,3
DA:52,0
DA:53,0
DA:54,0
DA:57,0
DA:63,1
DA:64,3
DA:65,0
DA:70,0
DA:71,0
DA:74,0
LF:34
LH:13
BRDA:9,0,0,0
BRDA:9,0,1,0
BRDA:29,1,0,0
BRDA:29,1,1,0
BRDA:32,2,0,0
BRDA:32,2,1,0
BRDA:53,3,0,0
BRDA:53,3,1,0
BRDA:70,4,0,0
BRDA:70,4,1,0
BRF:10
BRH:0
end_of_record
TN:
SF:controllers/reviewController.js
FN:51,(anonymous_0)
FNF:1
FNH:0
FNDA:0,(anonymous_0)
DA:1,1
DA:4,1
DA:35,1
DA:51,1
DA:53,0
DA:54,0
DA:55,0
DA:57,1
DA:58,1
DA:59,1
DA:60,1
LF:11
LH:8
BRDA:53,0,0,0
BRDA:53,0,1,0
BRDA:54,1,0,0
BRDA:54,1,1,0
BRF:4
BRH:0
end_of_record
TN:
SF:controllers/tourController.js
FN:12,(anonymous_0)
FN:28,(anonymous_1)
FN:42,(anonymous_2)
FN:152,(anonymous_3)
FN:184,(anonymous_4)
FN:231,(anonymous_5)
FN:262,(anonymous_6)
FNF:7
FNH:0
FNDA:0,(anonymous_0)
FNDA:0,(anonymous_1)
FNDA:0,(anonymous_2)
FNDA:0,(anonymous_3)
FNDA:0,(anonymous_4)
FNDA:0,(anonymous_5)
FNDA:0,(anonymous_6)
DA:1,1
DA:2,1
DA:4,1
DA:6,1
DA:7,1
DA:8,1
DA:10,1
DA:12,1
DA:13,0
DA:14,0
DA:16,0
DA:20,1
DA:22,1
DA:28,1
DA:29,0
DA:32,0
DA:33,0
DA:40,0
DA:41,0
DA:43,0
DA:44,0
DA:50,0
DA:53,0
DA:77,1
DA:78,1
DA:118,1
DA:119,1
DA:150,1
DA:152,1
DA:153,0
DA:177,0
DA:184,1
DA:185,0
DA:186,0
DA:221,0
DA:231,1
DA:232,0
DA:233,0
DA:235,0
DA:236,0
DA:243,0
DA:244,0
DA:247,0
DA:249,0
DA:253,0
DA:262,1
DA:263,0
DA:264,0
DA:265,0
DA:267,0
DA:268,0
DA:276,0
DA:295,0
LF:53
LH:20
BRDA:13,0,0,0
BRDA:13,0,1,0
BRDA:29,1,0,0
BRDA:29,1,1,0
BRDA:29,2,0,0
BRDA:29,2,1,0
BRDA:235,3,0,0
BRDA:235,3,1,0
BRDA:235,4,0,0
BRDA:235,4,1,0
BRDA:243,5,0,0
BRDA:243,5,1,0
BRDA:243,6,0,0
BRDA:243,6,1,0
BRDA:247,7,0,0
BRDA:247,7,1,0
BRDA:265,8,0,0
BRDA:265,8,1,0
BRDA:267,9,0,0
BRDA:267,9,1,0
BRDA:267,10,0,0
BRDA:267,10,1,0
BRF:22
BRH:0
end_of_record
TN:
SF:controllers/userController.js
FN:23,(anonymous_0)
FN:37,(anonymous_1)
FN:61,(anonymous_2)
FN:62,(anonymous_3)
FN:89,(anonymous_4)
FN:96,(anonymous_5)
FN:101,(anonymous_6)
FN:135,(anonymous_7)
FNF:8
FNH:0
FNDA:0,(anonymous_0)
FNDA:0,(anonymous_1)
FNDA:0,(anonymous_2)
FNDA:0,(anonymous_3)
FNDA:0,(anonymous_4)
FNDA:0,(anonymous_5)
FNDA:0,(anonymous_6)
FNDA:0,(anonymous_7)
DA:1,1
DA:2,1
DA:4,1
DA:6,1
DA:7,1
DA:8,1
DA:21,1
DA:23,1
DA:24,0
DA:25,0
DA:27,0
DA:31,1
DA:33,1
DA:37,1
DA:38,0
DA:40,0
DA:42,0
DA:48,0
DA:61,1
DA:62,0
DA:63,0
DA:64,0
DA:66,0
DA:87,1
DA:89,1
DA:90,0
DA:96,1
DA:97,0
DA:98,0
DA:101,1
DA:106,0
DA:107,0
DA:116,0
DA:119,0
DA:122,0
DA:127,0
DA:135,1
DA:136,0
DA:137,0
DA:157,1
DA:165,1
DA:174,1
LF:42
LH:20
BRDA:24,0,0,0
BRDA:24,0,1,0
BRDA:38,1,0,0
BRDA:38,1,1,0
BRDA:63,2,0,0
BRDA:63,2,1,0
BRDA:106,3,0,0
BRDA:106,3,1,0
BRDA:106,4,0,0
BRDA:106,4,1,0
BRDA:119,5,0,0
BRDA:119,5,1,0
BRF:12
BRH:0
end_of_record
TN:
SF:controllers/viewsController.js
FN:5,(anonymous_0)
FN:16,(anonymous_1)
FN:40,(anonymous_2)
FN:52,(anonymous_3)
FNF:4
FNH:0
FNDA:0,(anonymous_0)
FNDA:0,(anonymous_1)
FNDA:0,(anonymous_2)
FNDA:0,(anonymous_3)
DA:1,1
DA:2,1
DA:3,1
DA:5,1
DA:7,0
DA:10,0
DA:16,1
DA:18,0
DA:22,0
DA:23,0
DA:28,0
DA:40,1
DA:41,0
DA:52,1
DA:53,0
LF:15
LH:7
BRDA:22,0,0,0
BRDA:22,0,1,0
BRF:2
BRH:0
end_of_record
TN:
SF:models/reviewModel.js
FN:40,(anonymous_0)
FN:58,(anonymous_1)
FN:84,(anonymous_2)
FN:89,(anonymous_3)
FN:95,(anonymous_4)
FNF:5
FNH:0
FNDA:0,(anonymous_0)
FNDA:0,(anonymous_1)
FNDA:0,(anonymous_2)
FNDA:0,(anonymous_3)
FNDA:0,(anonymous_4)
DA:1,1
DA:2,1
DA:4,1
DA:37,1
DA:40,1
DA:49,0
DA:54,0
DA:58,1
DA:59,0
DA:71,0
DA:72,0
DA:77,0
DA:84,1
DA:86,0
DA:89,1
DA:91,0
DA:92,0
DA:95,1
DA:97,0
DA:100,1
DA:101,1
LF:21
LH:11
BRDA:71,0,0,0
BRDA:71,0,1,0
BRDA:97,1,0,0
BRDA:97,1,1,0
BRF:4
BRH:0
end_of_record
TN:
SF:models/tourModel.js
FN:39,(anonymous_0)
FN:54,(anonymous_1)
FN:138,(anonymous_2)
FN:149,(anonymous_3)
FN:153,(anonymous_4)
FN:167,(anonymous_5)
FN:172,(anonymous_6)
FN:178,(anonymous_7)
FN:186,(anonymous_8)
FNF:9
FNH:0
FNDA:0,(anonymous_0)
FNDA:0,(anonymous_1)
FNDA:0,(anonymous_2)
FNDA:0,(anonymous_3)
FNDA:0,(anonymous_4)
FNDA:0,(anonymous_5)
FNDA:0,(anonymous_6)
FNDA:0,(anonymous_7)
FNDA:0,(anonymous_8)
DA:1,1
DA:2,1
DA:5,1
DA:39,0
DA:56,0
DA:133,1
DA:134,1
DA:135,1
DA:138,1
DA:139,0
DA:142,1
DA:149,1
DA:150,0
DA:151,0
DA:153,1
DA:154,0
DA:155,0
DA:167,1
DA:168,0
DA:169,0
DA:172,1
DA:173,0
DA:174,0
DA:175,0
DA:178,1
DA:179,0
DA:183,0
DA:186,1
DA:187,0
DA:188,0
DA:197,1
DA:199,1
LF:32
LH:16
BRF:0
BRH:0
end_of_record
TN:
SF:models/userModel.js
FN:39,(anonymous_0)
FN:62,(anonymous_1)
FN:70,(anonymous_2)
FN:81,(anonymous_3)
FN:89,(anonymous_4)
FN:95,(anonymous_5)
FN:102,(anonymous_6)
FN:115,(anonymous_7)
FNF:8
FNH:0
FNDA:0,(anonymous_0)
FNDA:0,(anonymous_1)
FNDA:0,(anonymous_2)
FNDA:0,(anonymous_3)
FNDA:0,(anonymous_4)
FNDA:0,(anonymous_5)
FNDA:0,(anonymous_6)
FNDA:0,(anonymous_7)
DA:1,1
DA:2,1
DA:3,1
DA:4,1
DA:6,1
DA:40,0
DA:63,0
DA:70,1
DA:72,0
DA:75,0
DA:78,0
DA:79,0
DA:81,1
DA:82,0
DA:84,0
DA:85,0
DA:89,1
DA:91,0
DA:92,0
DA:95,1
DA:100,0
DA:102,1
DA:103,0
DA:104,0
DA:108,0
DA:111,0
DA:115,1
DA:116,0
DA:117,0
DA:122,0
DA:124,0
DA:127,1
DA:128,1
LF:33
LH:13
BRDA:72,0,0,0
BRDA:72,0,1,0
BRDA:82,1,0,0
BRDA:82,1,1,0
BRDA:82,2,0,0
BRDA:82,2,1,0
BRDA:103,3,0,0
BRDA:103,3,1,0
BRF:8
BRH:0
end_of_record
TN:
SF:routes/reviewRoutes.js
FNF:0
FNH:0
DA:1,1
DA:3,1
DA:4,1
DA:6,1
DA:12,1
DA:22,1
DA:36,1
LF:7
LH:7
BRF:0
BRH:0
end_of_record
TN:
SF:routes/tourRoutes.js
FNF:0
FNH:0
DA:1,1
DA:2,1
DA:3,1
DA:5,1
DA:7,1
DA:29,1
DA:31,1
DA:32,1
DA:41,1
DA:45,1
DA:47,1
DA:58,1
DA:72,1
LF:13
LH:13
BRF:0
BRH:0
end_of_record
TN:
SF:routes/userRoutes.js
FNF:0
FNH:0
DA:1,1
DA:2,1
DA:3,1
DA:5,1
DA:7,1
DA:8,1
DA:9,1
DA:10,1
DA:11,1
DA:13,1
DA:16,1
DA:18,1
DA:20,1
DA:28,1
DA:30,1
DA:32,1
DA:34,1
DA:40,1
LF:18
LH:18
BRF:0
BRH:0
end_of_record
TN:
SF:routes/viewRoutes.js
FNF:0
FNH:0
DA:1,1
DA:3,1
DA:4,1
DA:6,1
DA:8,1
DA:9,1
DA:10,1
DA:12,1
DA:14,1
LF:9
LH:9
BRF:0
BRH:0
end_of_record
TN:
SF:utils/apiFeatures.js
FN:2,(anonymous_0)
FN:8,(anonymous_1)
FN:11,(anonymous_2)
FN:16,(anonymous_3)
FN:29,(anonymous_4)
FN:44,(anonymous_5)
FN:57,(anonymous_6)
FNF:7
FNH:0
FNDA:0,(anonymous_0)
FNDA:0,(anonymous_1)
FNDA:0,(anonymous_2)
FNDA:0,(anonymous_3)
FNDA:0,(anonymous_4)
FNDA:0,(anonymous_5)
FNDA:0,(anonymous_6)
DA:3,0
DA:4,0
DA:9,0
DA:10,0
DA:11,0
DA:15,0
DA:16,0
DA:19,0
DA:20,0
DA:23,0
DA:25,0
DA:30,0
DA:33,0
DA:35,0
DA:37,0
DA:40,0
DA:45,0
DA:46,0
DA:48,0
DA:50,0
DA:53,0
DA:58,0
DA:59,0
DA:60,0
DA:62,0
DA:69,0
DA:73,1
LF:27
LH:1
BRDA:19,0,0,0
BRDA:19,0,1,0
BRDA:30,1,0,0
BRDA:30,1,1,0
BRDA:45,2,0,0
BRDA:45,2,1,0
BRDA:58,3,0,0
BRDA:58,3,1,0
BRDA:59,4,0,0
BRDA:59,4,1,0
BRF:10
BRH:0
end_of_record
TN:
SF:utils/appError.js
FN:2,(anonymous_0)
FNF:1
FNH:0
FNDA:0,(anonymous_0)
DA:3,0
DA:5,0
DA:6,0
DA:7,0
DA:9,0
DA:13,1
LF:6
LH:1
BRDA:6,0,0,0
BRDA:6,0,1,0
BRF:2
BRH:0
end_of_record
TN:
SF:utils/catchAsync.js
FN:1,(anonymous_0)
FN:1,(anonymous_1)
FNF:2
FNH:1
FNDA:31,(anonymous_0)
FNDA:0,(anonymous_1)
DA:1,31
LF:1
LH:1
BRF:0
BRH:0
end_of_record
TN:
SF:utils/email.js
FN:3,(anonymous_0)
FNF:1
FNH:0
FNDA:0,(anonymous_0)
DA:1,1
DA:3,1
DA:5,0
DA:15,0
DA:24,0
DA:27,1
LF:6
LH:3
BRF:0
BRH:0
end_of_record
